[2026-01-02T05:40:11.673Z] Loading 182 games to process... (Removed 26 duplicates of existing team-dates)
[2026-01-02T05:40:11.673Z] Duplicate removals:
[2026-01-02T05:40:11.674Z]  - 2025-09-05 Louisville vs Stanford (box=https://gostanford.com/boxscore/25675)
[2026-01-02T05:40:11.674Z]  - 2025-09-12 #21 North Carolina vs Wake Forest (box=https://godeacs.com/sports/mens-soccer/stats/2025/north-carolina/boxscore/14220)
[2026-01-02T05:40:11.674Z]  - 2025-09-13 Syracuse vs #8 Stanford  (box=https://cuse.com/sports/mens-soccer/stats/2025/stanford/boxscore/18464)
[2026-01-02T05:40:11.674Z]  - 2025-09-14 Virginia Tech vs Boston College (box=https://hokiesports.com/boxscore/22150)
[2026-01-02T05:40:11.674Z]  - 2025-09-19 Boston College vs NC State (box=https://gopack.com/sports/mens-soccer/stats/2025/boston-college/boxscore/23997)
[2026-01-02T05:40:11.674Z]  - 2025-09-19 #19 Duke  vs Syracuse (box=https://cuse.com/sports/mens-soccer/stats/2025/duke/boxscore/18465)
[2026-01-02T05:40:11.674Z]  - 2025-09-26 #16 Duke University vs Louisville (box=https://gocards.com/sports/mens-soccer/stats/2025/duke-university/boxscore/25684)
[2026-01-02T05:40:11.674Z]  - 2025-09-26 Pittsburgh vs #1 NC State (box=https://pittsburghpanthers.com/sports/mens-soccer/stats/2025/nc-state/boxscore/14813)
[2026-01-02T05:40:11.675Z]  - 2025-09-28 Stanford vs Boston College (box=https://gostanford.com/boxscore/25681)
[2026-01-02T05:40:11.675Z]  - 2025-10-03 SMU vs California (box=https://smumustangs.com/sports/mens-soccer/stats/2025/california/boxscore/14071)
[2026-01-02T05:40:11.675Z]  - 2025-10-03 Louisville vs North Carolina (box=https://goheels.com/sports/mens-soccer/stats/2025/louisville/boxscore/26244)
[2026-01-02T05:40:11.675Z]  - 2025-10-04 Wake Forest vs #3 Stanford (box=https://godeacs.com/sports/mens-soccer/stats/2025/stanford/boxscore/14225)
[2026-01-02T05:40:11.675Z]  - 2025-10-10 Boston College vs Duke (box=https://goduke.com/sports/mens-soccer/stats/2025/boston-college/boxscore/24402)
[2026-01-02T05:40:11.675Z]  - 2025-10-11 Stanford vs Pittsburgh (box=https://gostanford.com/boxscore/25683)
[2026-01-02T05:40:11.676Z]  - 2025-10-11 Syracuse vs #25 SMU (box=https://cuse.com/sports/mens-soccer/stats/2025/smu/boxscore/18469)
[2026-01-02T05:40:11.676Z]  - 2025-10-11 Cal vs Wake Forest (box=https://godeacs.com/sports/mens-soccer/stats/2025/cal/boxscore/14226)
[2026-01-02T05:40:11.676Z]  - 2025-10-17 Wake Forest vs Louisville (box=https://godeacs.com/sports/mens-soccer/stats/2025/louisville/boxscore/14227)
[2026-01-02T05:40:11.676Z]  - 2025-10-24 Pitt vs Wake Forest (box=https://godeacs.com/sports/mens-soccer/stats/2025/pitt/boxscore/14229)
[2026-01-02T05:40:11.676Z]  - 2025-10-25 Syracuse vs North Carolina (box=https://goheels.com/sports/mens-soccer/stats/2025/syracuse/boxscore/26249)
[2026-01-02T05:40:11.676Z]  - 2025-10-26 Virginia Tech vs Cal (box=https://hokiesports.com/boxscore/22158)
[2026-01-02T05:40:11.676Z]  - 2025-10-31 Louisville vs Pittsburgh (box=https://pittsburghpanthers.com/sports/mens-soccer/stats/2025/louisville/boxscore/14819)
[2026-01-02T05:40:11.677Z]  - 2025-10-31 #4 NC State vs Syracuse (box=https://cuse.com/sports/mens-soccer/stats/2025/nc-state/boxscore/18473)
[2026-01-02T05:40:11.677Z]  - 2025-11-05 Stanford vs Boston College (box=https://gostanford.com/boxscore/26660)
[2026-01-02T05:40:11.677Z]  - 2025-11-05 (7) SMU vs Wake Forest (box=https://godeacs.com/sports/mens-soccer/stats/2025/-7-smu/boxscore/14572)
[2026-01-02T05:40:11.677Z]  - 2025-11-09 California vs Pittsburgh (box=https://pittsburghpanthers.com/sports/mens-soccer/stats/2025/california/boxscore/15016)
[2026-01-02T05:40:11.677Z]  - 2025-11-09 NC State vs Syracuse (box=https://cuse.com/sports/mens-soccer/stats/2025/nc-state/boxscore/18662)
[2026-01-02T05:40:11.678Z] Starting Batch 1 (120 games)...
[2026-01-02T05:40:19.638Z] WARN [sidearm-2025-08-21-Stanford-Sacramento-State] No stats found (attempt 1)
[2026-01-02T05:40:25.543Z] OK [sidearm-2025-08-21-California-Saint-Mary's] Parsed 33 stats (attempt 1)
[2026-01-02T05:40:25.827Z] OK [sidearm-2025-08-21-SMU-UMKC] Parsed 35 stats (attempt 1)
[2026-01-02T05:40:25.831Z] OK [sidearm-2025-08-21-Pittsburgh-Quinnipiac] Parsed 54 stats (attempt 1)
[2026-01-02T05:40:25.834Z] OK [sidearm-2025-08-21-Boston-College-Binghamton] Parsed 60 stats (attempt 1)
[2026-01-02T05:40:25.836Z] OK [sidearm-2025-08-21-Duke-#10-San-Diego] Parsed 67 stats (attempt 1)
[2026-01-02T05:40:26.374Z] OK [sidearm-2025-08-21-Louisville-University-of-Southern-Indiana] Parsed 54 stats (attempt 1)
[2026-01-02T05:40:26.375Z] OK [sidearm-2025-08-21-NC-State-Queens] Parsed 64 stats (attempt 1)
[2026-01-02T05:40:30.694Z] WARN [sidearm-2025-08-21-Virginia-Tech-Ohio-State] No stats found (attempt 1)
[2026-01-02T05:40:30.855Z] WARN [sidearm-2025-08-24-Stanford-Denver] No stats found (attempt 1)
[2026-01-02T05:40:37.535Z] OK [sidearm-2025-08-24-NC-State-Wofford] Parsed 64 stats (attempt 1)
[2026-01-02T05:40:37.593Z] OK [sidearm-2025-08-24-California-UCLA] Parsed 35 stats (attempt 1)
[2026-01-02T05:40:37.596Z] OK [sidearm-2025-08-21-Syracuse-UConn] Parsed 54 stats (attempt 1)
[2026-01-02T05:40:37.747Z] OK [sidearm-2025-08-24-Duke-UC-San-Diego] Parsed 61 stats (attempt 1)
[2026-01-02T05:40:37.861Z] OK [sidearm-2025-08-24-SMU-Saint-Louis] Parsed 34 stats (attempt 1)
[2026-01-02T05:40:39.958Z] OK [sidearm-2025-08-21-North-Carolina-UCF] Parsed 59 stats (attempt 1)
[2026-01-02T05:40:45.037Z] WARN [sidearm-2025-08-24-Virginia-Tech-Canisius] No stats found (attempt 1)
[2026-01-02T05:40:53.392Z] OK [sidearm-2025-08-25-UAB-Louisville] Parsed 56 stats (attempt 1)
[2026-01-02T05:40:53.395Z] OK [sidearm-2025-08-28-California-San-Francisco] Parsed 34 stats (attempt 1)
[2026-01-02T05:40:53.663Z] OK [sidearm-2025-08-25-Boston-College-Siena] Parsed 57 stats (attempt 1)
[2026-01-02T05:40:53.667Z] OK [sidearm-2025-08-24-Loyola--Syracuse] Parsed 58 stats (attempt 1)
[2026-01-02T05:40:54.392Z] OK [sidearm-2025-08-25-Pittsburgh-Michigan-State] Parsed 54 stats (attempt 1)
[2026-01-02T05:40:54.393Z] OK [sidearm-2025-08-24-Wake-Forest-UCF] Parsed 58 stats (attempt 1)
[2026-01-02T05:40:55.761Z] OK [sidearm-2025-08-24-North-Carolina-Seattle] Parsed 59 stats (attempt 1)
[2026-01-02T05:41:00.248Z] WARN [sidearm-2025-08-28-Santa-Clara-Stanford] No stats found (attempt 1)
[2026-01-02T05:41:07.799Z] OK [sidearm-2025-08-29-Providence-Boston-College] Parsed 57 stats (attempt 1)
[2026-01-02T05:41:07.801Z] OK [sidearm-2025-08-29-NC-State-FIU] Parsed 57 stats (attempt 1)
[2026-01-02T05:41:08.054Z] OK [sidearm-2025-08-28-SMU-LMU] Parsed 32 stats (attempt 1)
[2026-01-02T05:41:08.056Z] OK [sidearm-2025-08-28-Wake-Forest-Oral-Roberts] Parsed 59 stats (attempt 1)
[2026-01-02T05:41:08.058Z] OK [sidearm-2025-08-29-Louisville-IU-Indy] Parsed 56 stats (attempt 1)
[2026-01-02T05:41:08.060Z] OK [sidearm-2025-08-28-Syracuse-Penn-State-] Parsed 51 stats (attempt 1)
[2026-01-02T05:41:10.288Z] OK [sidearm-2025-08-28-North-Carolina-Evansville] Parsed 72 stats (attempt 1)
[2026-01-02T05:41:14.597Z] WARN [sidearm-2025-08-31-Stanford-UC-Davis] No stats found (attempt 1)
[2026-01-02T05:41:14.743Z] WARN [sidearm-2025-08-29-Marshall-Virginia-Tech] No stats found (attempt 1)
[2026-01-02T05:41:22.024Z] OK [sidearm-2025-09-01-Yale--Syracuse] Parsed 54 stats (attempt 1)
[2026-01-02T05:41:22.027Z] OK [sidearm-2025-08-31-California-UC-San-Diego] Parsed 34 stats (attempt 1)
[2026-01-02T05:41:22.365Z] OK [sidearm-2025-08-31-SMU-Oral-Roberts] Parsed 34 stats (attempt 1)
[2026-01-02T05:41:22.367Z] OK [sidearm-2025-08-29-Georgetown-Pittsburgh] Parsed 54 stats (attempt 1)
[2026-01-02T05:41:22.371Z] OK [sidearm-2025-08-31-Wake-Forest-St.-John's] Parsed 63 stats (attempt 1)
[2026-01-02T05:41:22.372Z] OK [sidearm-2025-08-31-Furman-Duke] Parsed 59 stats (attempt 1)
[2026-01-02T05:41:33.250Z] OK [sidearm-2025-09-05-#3-Clemson-Pittsburgh] Parsed 55 stats (attempt 1)
[2026-01-02T05:41:33.252Z] OK [sidearm-2025-09-04-SMU-GCU] Parsed 35 stats (attempt 1)
[2026-01-02T05:41:33.253Z] OK [sidearm-2025-09-05-NC-State-North-Carolina] Parsed 60 stats (attempt 1)
[2026-01-02T05:41:33.256Z] OK [sidearm-2025-09-05-Louisville-#1-Stanford-University] Parsed 55 stats (attempt 1)
[2026-01-02T05:41:33.258Z] OK [sidearm-2025-09-02-Boston-College-Northeastern] Parsed 59 stats (attempt 1)
[2026-01-02T05:41:33.260Z] OK [sidearm-2025-09-05-Georgetown-Duke] Parsed 58 stats (attempt 1)
[2026-01-02T05:41:33.263Z] OK [sidearm-2025-09-05-Syracuse-Duquesne-] Parsed 54 stats (attempt 1)
[2026-01-02T05:41:35.366Z] OK [sidearm-2025-09-01-College-of-Charleston-North-Carolina] Parsed 58 stats (attempt 1)
[2026-01-02T05:41:39.400Z] WARN [sidearm-2025-09-05-Virginia-Tech-Virginia] No stats found (attempt 1)
[2026-01-02T05:41:39.792Z] WARN [sidearm-2025-09-09-Stanford-Saint-Mary's] No stats found (attempt 1)
[2026-01-02T05:41:45.155Z] OK [sidearm-2025-09-07-Boston-College-California] Parsed 63 stats (attempt 1)
[2026-01-02T05:41:45.158Z] OK [sidearm-2025-09-08-Syracuse-New-Haven] Parsed 71 stats (attempt 1)
[2026-01-02T05:41:46.838Z] OK [sidearm-2025-09-08-SMU-Incarnate-Word] Parsed 33 stats (attempt 1)
[2026-01-02T05:41:46.840Z] OK [sidearm-2025-09-09-Ohio-State-University-Louisville] Parsed 55 stats (attempt 1)
[2026-01-02T05:41:46.845Z] OK [sidearm-2025-09-08-Pittsburgh-Butler] Parsed 54 stats (attempt 1)
[2026-01-02T05:41:46.846Z] OK [sidearm-2025-09-05-Wake-Forest-Lipscomb] Parsed 55 stats (attempt 1)
[2026-01-02T05:41:50.920Z] WARN [sidearm-2025-09-09-Virginia-Tech-Furman] No stats found (attempt 1)
[2026-01-02T05:41:58.010Z] OK [sidearm-2025-09-10-NC-State-Stetson] Parsed 65 stats (attempt 1)
[2026-01-02T05:41:58.313Z] OK [sidearm-2025-09-12-Pittsburgh-Notre-Dame] Parsed 53 stats (attempt 1)
[2026-01-02T05:41:58.314Z] OK [sidearm-2025-09-09-Wake-Forest-Campbell] Parsed 59 stats (attempt 1)
[2026-01-02T05:41:58.316Z] OK [sidearm-2025-09-13-Louisville-#24/RV-University-of-Virginia] Parsed 58 stats (attempt 1)
[2026-01-02T05:41:58.317Z] OK [sidearm-2025-09-10-Boston-College-Dean] Parsed 77 stats (attempt 1)
[2026-01-02T05:41:58.319Z] OK [sidearm-2025-09-10-California-Harvard] Parsed 35 stats (attempt 1)
[2026-01-02T05:42:00.512Z] OK [sidearm-2025-09-12-North-Carolina-Wake-Forest] Parsed 59 stats (attempt 1)
[2026-01-02T05:42:04.652Z] WARN [sidearm-2025-09-13-Syracuse-Stanford] No stats found (attempt 1)
[2026-01-02T05:42:12.331Z] OK [sidearm-2025-09-13-SMU-Clemson] Parsed 31 stats (attempt 1)
[2026-01-02T05:42:12.337Z] OK [sidearm-2025-09-15-Pittsburgh-Incarnate-Word] Parsed 54 stats (attempt 1)
[2026-01-02T05:42:12.338Z] OK [sidearm-2025-09-14-No.-14-Virginia-Tech-Boston-College] Parsed 58 stats (attempt 1)
[2026-01-02T05:42:12.340Z] OK [sidearm-2025-09-16-NC-State-William-&-Mary] Parsed 58 stats (attempt 1)
[2026-01-02T05:42:12.342Z] OK [sidearm-2025-09-13-NC-State-FAU] Parsed 60 stats (attempt 1)
[2026-01-02T05:42:12.343Z] OK [sidearm-2025-09-14-California-Duke] Parsed 33 stats (attempt 1)
[2026-01-02T05:42:14.435Z] OK [sidearm-2025-09-16-North-Carolina-Memphis] Parsed 57 stats (attempt 1)
[2026-01-02T05:42:18.446Z] WARN [sidearm-2025-09-17-San-Jose-State-Stanford] No stats found (attempt 1)
[2026-01-02T05:42:26.460Z] OK [sidearm-2025-09-16-Wake-Forest-UNCW] Parsed 58 stats (attempt 1)
[2026-01-02T05:42:26.461Z] OK [sidearm-2025-09-19-Boston-College-No.-2-NC-State] Parsed 61 stats (attempt 1)
[2026-01-02T05:42:26.462Z] OK [sidearm-2025-09-19-Virginia-Wake-Forest] Parsed 59 stats (attempt 1)
[2026-01-02T05:42:26.465Z] OK [sidearm-2025-09-19-Maryland-Pittsburgh] Parsed 56 stats (attempt 1)
[2026-01-02T05:42:26.467Z] OK [sidearm-2025-09-19-University-of-Notre-Dame-Louisville] Parsed 55 stats (attempt 1)
[2026-01-02T05:42:26.468Z] OK [sidearm-2025-09-19-Duke-Syracuse] Parsed 55 stats (attempt 1)
[2026-01-02T05:42:26.469Z] OK [sidearm-2025-09-19-California-Clemson] Parsed 37 stats (attempt 1)
[2026-01-02T05:42:30.601Z] WARN [sidearm-2025-09-21-Stanford-Virginia-Tech] No stats found (attempt 1)
[2026-01-02T05:42:37.365Z] OK [sidearm-2025-09-23-California-UNC-Asheville] Parsed 36 stats (attempt 1)
[2026-01-02T05:42:37.369Z] OK [sidearm-2025-09-23-Boston-College-Boston-University] Parsed 59 stats (attempt 1)
[2026-01-02T05:42:37.674Z] OK [sidearm-2025-09-22-Wake-Forest-Liberty] Parsed 51 stats (attempt 1)
[2026-01-02T05:42:37.676Z] OK [sidearm-2025-09-23-Louisville-#18-University-of-Kentucky] Parsed 54 stats (attempt 1)
[2026-01-02T05:42:37.677Z] OK [sidearm-2025-09-20-SMU-North-Carolina] Parsed 32 stats (attempt 1)
[2026-01-02T05:42:37.677Z] OK [sidearm-2025-09-22-Pittsburgh-Mercyhurst] Parsed 84 stats (attempt 1)
[2026-01-02T05:42:37.680Z] OK [sidearm-2025-09-23-Duke-Howard] Parsed 58 stats (attempt 1)
[2026-01-02T05:42:41.707Z] WARN [sidearm-2025-09-24-Stanford-Oregon-State] No stats found (attempt 1)
[2026-01-02T05:42:47.082Z] OK [sidearm-2025-09-26-Pittsburgh-NC-State] Parsed 56 stats (attempt 1)
[2026-01-02T05:42:47.357Z] OK [sidearm-2025-09-23-Syracuse-Colgate-] Parsed 54 stats (attempt 1)
[2026-01-02T05:42:47.359Z] OK [sidearm-2025-09-27-California-Syracuse] Parsed 37 stats (attempt 1)
[2026-01-02T05:42:48.404Z] OK [sidearm-2025-09-26-Wake-Forest-Clemson] Parsed 58 stats (attempt 1)
[2026-01-02T05:42:48.574Z] OK [sidearm-2025-09-27-SMU-Notre-Dame] Parsed 33 stats (attempt 1)
[2026-01-02T05:42:48.576Z] OK [sidearm-2025-09-26-Duke-Louisville] Parsed 58 stats (attempt 1)
[2026-01-02T05:42:49.618Z] OK [sidearm-2025-09-27-Virginia-North-Carolina] Parsed 60 stats (attempt 1)
[2026-01-02T05:42:53.756Z] WARN [sidearm-2025-09-29-ETSU-Virginia-Tech] No stats found (attempt 1)
[2026-01-02T05:43:00.176Z] OK [sidearm-2025-10-01-UNCW-NC-State] Parsed 59 stats (attempt 1)
[2026-01-02T05:43:00.180Z] OK [sidearm-2025-09-28-#6-Stanford-Boston-College] Parsed 58 stats (attempt 1)
[2026-01-02T05:43:00.184Z] OK [sidearm-2025-10-03-Syracuse-Boston-College] Parsed 56 stats (attempt 1)
[2026-01-02T05:43:00.187Z] OK [sidearm-2025-10-03-California-Southern-Methodist-University] Parsed 42 stats (attempt 1)
[2026-01-02T05:43:00.406Z] OK [sidearm-2025-10-03-Louisville-University-of-North-Carolina] Parsed 58 stats (attempt 1)
[2026-01-02T05:43:00.408Z] OK [sidearm-2025-10-03-Duke-Pitt] Parsed 56 stats (attempt 1)
[2026-01-02T05:43:00.410Z] OK [sidearm-2025-09-30-Duke-Averett] Parsed 51 stats (attempt 1)
[2026-01-02T05:43:04.558Z] WARN [sidearm-2025-10-03-Notre-Dame-Virginia-Tech] No stats found (attempt 1)
[2026-01-02T05:43:04.716Z] WARN [sidearm-2025-10-04-Wake-Forest-Stanford] No stats found (attempt 1)
[2026-01-02T05:43:04.862Z] WARN [sidearm-2025-10-07-Virginia-Tech-Longwood] No stats found (attempt 1)
[2026-01-02T05:43:12.403Z] OK [sidearm-2025-10-03-#9-Duke-Pittsburgh] Parsed 56 stats (attempt 1)
[2026-01-02T05:43:12.405Z] OK [sidearm-2025-10-07-Louisville-Belmont-University] Parsed 55 stats (attempt 1)
[2026-01-02T05:43:12.408Z] OK [sidearm-2025-10-05-NC-State-#16-Virginia] Parsed 60 stats (attempt 1)
[2026-01-02T05:43:12.409Z] OK [sidearm-2025-10-07-Duke-Elon] Parsed 60 stats (attempt 1)
[2026-01-02T05:43:14.730Z] OK [sidearm-2025-10-07-Lipscomb-North-Carolina] Parsed 56 stats (attempt 1)
[2026-01-02T05:43:26.501Z] OK [sidearm-2025-10-10-NC-State-Clemson] Parsed 59 stats (attempt 1)
[2026-01-02T05:43:26.504Z] OK [sidearm-2025-10-11-California-Wake-Forest] Parsed 36 stats (attempt 1)
[2026-01-02T05:43:26.809Z] OK [sidearm-2025-10-11-#1-Stanford-Pittsburgh] Parsed 53 stats (attempt 1)
[2026-01-02T05:43:26.810Z] OK [sidearm-2025-10-11-SMU-Syracuse] Parsed 35 stats (attempt 1)
[2026-01-02T05:43:26.812Z] OK [sidearm-2025-10-14-Boston-College-AIC] Parsed 83 stats (attempt 1)
[2026-01-02T05:43:26.814Z] OK [sidearm-2025-10-10-Boston-College-No.-7-Duke] Parsed 61 stats (attempt 1)
[2026-01-02T05:43:26.815Z] OK [sidearm-2025-10-11-Virginia-Tech-Louisville] Parsed 55 stats (attempt 1)
[2026-01-02T05:43:28.907Z] OK [sidearm-2025-10-11-North-Carolina-St.-Thomas] Parsed 58 stats (attempt 1)
[2026-01-02T05:43:28.907Z] Retrying 18 games with longer waits...
[2026-01-02T05:43:33.212Z] WARN [sidearm-2025-08-21-Virginia-Tech-Ohio-State] No stats found (attempt 2)
[2026-01-02T05:43:33.214Z] WARN [sidearm-2025-08-29-Marshall-Virginia-Tech] No stats found (attempt 2)
[2026-01-02T05:43:33.841Z] WARN [sidearm-2025-09-05-Virginia-Tech-Virginia] No stats found (attempt 2)
[2026-01-02T05:43:33.842Z] WARN [sidearm-2025-08-24-Virginia-Tech-Canisius] No stats found (attempt 2)
[2026-01-02T05:43:33.843Z] WARN [sidearm-2025-08-24-Stanford-Denver] No stats found (attempt 2)
[2026-01-02T05:43:33.843Z] WARN [sidearm-2025-08-28-Santa-Clara-Stanford] No stats found (attempt 2)
[2026-01-02T05:43:34.202Z] WARN [sidearm-2025-08-21-Stanford-Sacramento-State] No stats found (attempt 2)
[2026-01-02T05:43:34.205Z] WARN [sidearm-2025-08-31-Stanford-UC-Davis] No stats found (attempt 2)
[2026-01-02T05:43:40.473Z] WARN [sidearm-2025-09-09-Virginia-Tech-Furman] No stats found (attempt 2)
[2026-01-02T05:43:40.476Z] WARN [sidearm-2025-09-29-ETSU-Virginia-Tech] No stats found (attempt 2)
[2026-01-02T05:43:40.480Z] WARN [sidearm-2025-09-24-Stanford-Oregon-State] No stats found (attempt 2)
[2026-01-02T05:43:40.972Z] WARN [sidearm-2025-09-13-Syracuse-Stanford] No stats found (attempt 2)
[2026-01-02T05:43:40.973Z] WARN [sidearm-2025-10-03-Notre-Dame-Virginia-Tech] No stats found (attempt 2)
[2026-01-02T05:43:40.973Z] WARN [sidearm-2025-09-09-Stanford-Saint-Mary's] No stats found (attempt 2)
[2026-01-02T05:43:41.333Z] WARN [sidearm-2025-09-17-San-Jose-State-Stanford] No stats found (attempt 2)
[2026-01-02T05:43:41.335Z] WARN [sidearm-2025-09-21-Stanford-Virginia-Tech] No stats found (attempt 2)
[2026-01-02T05:43:48.758Z] WARN [sidearm-2025-10-04-Wake-Forest-Stanford] No stats found (attempt 2)
[2026-01-02T05:43:48.928Z] WARN [sidearm-2025-10-07-Virginia-Tech-Longwood] No stats found (attempt 2)
[2026-01-02T05:43:48.928Z] Retrying 18 games with extra-long waits...
[2026-01-02T05:43:54.560Z] WARN [sidearm-2025-08-21-Virginia-Tech-Ohio-State] No stats found (attempt 3)
[2026-01-02T05:43:54.915Z] WARN [sidearm-2025-08-24-Virginia-Tech-Canisius] No stats found (attempt 3)
[2026-01-02T05:43:54.917Z] WARN [sidearm-2025-08-21-Stanford-Sacramento-State] No stats found (attempt 3)
[2026-01-02T05:43:55.358Z] WARN [sidearm-2025-08-29-Marshall-Virginia-Tech] No stats found (attempt 3)
[2026-01-02T05:43:55.362Z] WARN [sidearm-2025-08-24-Stanford-Denver] No stats found (attempt 3)
[2026-01-02T05:43:55.850Z] WARN [sidearm-2025-09-05-Virginia-Tech-Virginia] No stats found (attempt 3)
[2026-01-02T05:43:55.852Z] WARN [sidearm-2025-08-31-Stanford-UC-Davis] No stats found (attempt 3)
[2026-01-02T05:43:55.854Z] WARN [sidearm-2025-08-28-Santa-Clara-Stanford] No stats found (attempt 3)
[2026-01-02T05:44:03.683Z] WARN [sidearm-2025-09-09-Virginia-Tech-Furman] No stats found (attempt 3)
[2026-01-02T05:44:03.990Z] WARN [sidearm-2025-09-29-ETSU-Virginia-Tech] No stats found (attempt 3)
[2026-01-02T05:44:04.343Z] WARN [sidearm-2025-10-03-Notre-Dame-Virginia-Tech] No stats found (attempt 3)
[2026-01-02T05:44:04.887Z] WARN [sidearm-2025-09-09-Stanford-Saint-Mary's] No stats found (attempt 3)
[2026-01-02T05:44:04.890Z] WARN [sidearm-2025-09-13-Syracuse-Stanford] No stats found (attempt 3)
[2026-01-02T05:44:04.893Z] WARN [sidearm-2025-09-21-Stanford-Virginia-Tech] No stats found (attempt 3)
[2026-01-02T05:44:05.089Z] WARN [sidearm-2025-09-17-San-Jose-State-Stanford] No stats found (attempt 3)
[2026-01-02T05:44:06.266Z] WARN [sidearm-2025-09-24-Stanford-Oregon-State] No stats found (attempt 3)
[2026-01-02T05:44:12.936Z] WARN [sidearm-2025-10-07-Virginia-Tech-Longwood] No stats found (attempt 3)
[2026-01-02T05:44:12.941Z] WARN [sidearm-2025-10-04-Wake-Forest-Stanford] No stats found (attempt 3)
[2026-01-02T05:44:13.012Z] Batch 1 complete. Memory cleared.
[2026-01-02T05:44:13.012Z] Starting Batch 2 (62 games)...
[2026-01-02T05:44:25.060Z] OK [sidearm-2025-10-14-Pittsburgh-Denver] Parsed 55 stats (attempt 1)
[2026-01-02T05:44:25.062Z] OK [sidearm-2025-10-14-SMU-Central-Arkansas] Parsed 34 stats (attempt 1)
[2026-01-02T05:44:25.065Z] OK [sidearm-2025-10-18-Pittsburgh-Syracuse] Parsed 51 stats (attempt 1)
[2026-01-02T05:44:25.066Z] OK [sidearm-2025-10-17-Wake-Forest-University-Louisville] Parsed 57 stats (attempt 1)
[2026-01-02T05:44:25.069Z] OK [sidearm-2025-10-18-SMU-Boston-College] Parsed 61 stats (attempt 1)
[2026-01-02T05:44:25.069Z] OK [sidearm-2025-10-17-Notre-Dame-NC-State] Parsed 57 stats (attempt 1)
[2026-01-02T05:44:25.071Z] OK [sidearm-2025-10-17-Clemson-Duke] Parsed 59 stats (attempt 1)
[2026-01-02T05:44:27.217Z] OK [sidearm-2025-10-15-North-Carolina-UAB] Parsed 58 stats (attempt 1)
[2026-01-02T05:44:31.696Z] WARN [sidearm-2025-10-22-Stanford-San-Francisco] No stats found (attempt 1)
[2026-01-02T05:44:38.560Z] OK [sidearm-2025-10-21-NC-State-#18-UNC-Greensboro] Parsed 57 stats (attempt 1)
[2026-01-02T05:44:38.561Z] OK [sidearm-2025-10-21-Cornell--Syracuse] Parsed 57 stats (attempt 1)
[2026-01-02T05:44:38.862Z] OK [sidearm-2025-10-22-California-Radford] Parsed 43 stats (attempt 1)
[2026-01-02T05:44:38.863Z] OK [sidearm-2025-10-21-Lipscomb-University-Louisville] Parsed 54 stats (attempt 1)
[2026-01-02T05:44:38.965Z] OK [sidearm-2025-10-21-Wake-Forest-Wofford] Parsed 62 stats (attempt 1)
[2026-01-02T05:44:38.967Z] OK [sidearm-2025-10-21-Duke-Queens] Parsed 65 stats (attempt 1)
[2026-01-02T05:44:40.997Z] OK [sidearm-2025-10-19-North-Carolina-Virginia-Tech] Parsed 57 stats (attempt 1)
[2026-01-02T05:44:45.034Z] WARN [sidearm-2025-10-22-Virginia-Tech-Winthrop] No stats found (attempt 1)
[2026-01-02T05:44:53.114Z] OK [sidearm-2025-10-26-SMU-Stanford] Parsed 28 stats (attempt 1)
[2026-01-02T05:44:53.169Z] OK [sidearm-2025-10-24-Pittsburgh-Wake-Forest] Parsed 55 stats (attempt 1)
[2026-01-02T05:44:53.173Z] OK [sidearm-2025-10-24-Boston-College-Notre-Dame] Parsed 58 stats (attempt 1)
[2026-01-02T05:44:53.174Z] OK [sidearm-2025-10-25-#19-Duke-NC-State] Parsed 60 stats (attempt 1)
[2026-01-02T05:44:53.175Z] OK [sidearm-2025-10-25-Duke-#3-NC-State] Parsed 60 stats (attempt 1)
[2026-01-02T05:44:53.176Z] OK [sidearm-2025-10-26-California-Virginia-Tech] Parsed 35 stats (attempt 1)
[2026-01-02T05:44:53.177Z] OK [sidearm-2025-10-25-Syracuse-#22-North-Carolina] Parsed 55 stats (attempt 1)
[2026-01-02T05:44:57.793Z] WARN [sidearm-2025-10-31-Clemson-Virginia-Tech] No stats found (attempt 1)
[2026-01-02T05:44:59.624Z] OK [sidearm-2025-10-31-Boston-College-Saint-Joseph's] Parsed 64 stats (attempt 1)
[2026-01-02T05:45:01.731Z] OK [sidearm-2025-10-31-NC-State-Syracuse] Parsed 55 stats (attempt 1)
[2026-01-02T05:45:01.903Z] OK [sidearm-2025-10-31-California-Stanford] Parsed 33 stats (attempt 1)
[2026-01-02T05:45:03.764Z] OK [sidearm-2025-10-31-Louisville-University-of-Pittsburgh] Parsed 54 stats (attempt 1)
[2026-01-02T05:45:03.768Z] OK [sidearm-2025-10-27-Louisville-University-of-Evansville] Parsed 70 stats (attempt 1)
[2026-01-02T05:45:03.938Z] OK [sidearm-2025-10-31-North-Carolina-Duke] Parsed 60 stats (attempt 1)
[2026-01-02T05:45:03.941Z] OK [sidearm-2025-10-31-SMU-Virginia] Parsed 31 stats (attempt 1)
[2026-01-02T05:45:15.057Z] OK [sidearm-2025-11-05-California-Duke] Parsed 34 stats (attempt 1)
[2026-01-02T05:45:15.062Z] OK [sidearm-2025-11-05-NC-State-(14)-Louisville] Parsed 58 stats (attempt 1)
[2026-01-02T05:45:15.407Z] OK [sidearm-2025-11-05-SMU-Wake-Forest] Parsed 34 stats (attempt 1)
[2026-01-02T05:45:15.409Z] OK [sidearm-2025-11-05-(3)-NC-State-University-Louisville] Parsed 58 stats (attempt 1)
[2026-01-02T05:45:15.411Z] OK [sidearm-2025-11-05-No.-7-Stanford-Boston-College] Parsed 58 stats (attempt 1)
[2026-01-02T05:45:15.412Z] OK [sidearm-2025-11-05-Clemson-Pittsburgh] Parsed 55 stats (attempt 1)
[2026-01-02T05:45:15.413Z] OK [sidearm-2025-10-31-Wake-Forest-Notre-Dame] Parsed 56 stats (attempt 1)
[2026-01-02T05:45:15.415Z] OK [sidearm-2025-11-05-Syracuse-Virginia-Tech] Parsed 52 stats (attempt 1)
[2026-01-02T05:45:26.907Z] OK [sidearm-2025-11-09-NC-State-(6)-Syracuse] Parsed 55 stats (attempt 1)
[2026-01-02T05:45:26.911Z] OK [sidearm-2025-11-09-California-Pitt] Parsed 31 stats (attempt 1)
[2026-01-02T05:45:26.913Z] OK [sidearm-2025-11-13-California-Virginia] Parsed 34 stats (attempt 1)
[2026-01-02T05:45:27.596Z] OK [sidearm-2025-11-16-SMU-Virginia] Parsed 31 stats (attempt 1)
[2026-01-02T05:45:27.599Z] OK [sidearm-2025-11-13-SMU-Syracuse] Parsed 36 stats (attempt 1)
[2026-01-02T05:45:27.607Z] OK [sidearm-2025-11-09-SMU-Stanford] Parsed 27 stats (attempt 1)
[2026-01-02T05:45:29.162Z] OK [sidearm-2025-11-09-Virginia-North-Carolina] Parsed 60 stats (attempt 1)
[2026-01-02T05:45:29.164Z] OK [sidearm-2025-11-05-Notre-Dame-North-Carolina] Parsed 57 stats (attempt 1)
[2026-01-02T05:45:33.482Z] WARN [sidearm-2025-11-23-Stanford-Kansas-City] No stats found (attempt 1)
[2026-01-02T05:45:40.917Z] OK [sidearm-2025-11-23-SMU-Washington] Parsed 30 stats (attempt 1)
[2026-01-02T05:45:41.215Z] OK [sidearm-2025-11-23-NC-State-Marshall-(Second-Round)] Parsed 58 stats (attempt 1)
[2026-01-02T05:45:41.220Z] OK [sidearm-2025-11-20-Syracuse-Hofstra] Parsed 54 stats (attempt 1)
[2026-01-02T05:45:41.221Z] OK [sidearm-2025-11-23-#3-Princeton-Duke] Parsed 61 stats (attempt 1)
[2026-01-02T05:45:41.223Z] OK [sidearm-2025-11-20-Duke-FDU] Parsed 67 stats (attempt 1)
[2026-01-02T05:45:43.479Z] OK [sidearm-2025-11-20-North-Carolina-North-Florida] Parsed 63 stats (attempt 1)
[2026-01-02T05:45:43.481Z] OK [sidearm-2025-11-23-No.-4-Maryland-North-Carolina] Parsed 60 stats (attempt 1)
[2026-01-02T05:45:47.729Z] WARN [sidearm-2025-11-30-Stanford-Washington] No stats found (attempt 1)
[2026-01-02T05:45:54.731Z] OK [sidearm-2025-12-15-NC-State-Washington] Parsed 59 stats (attempt 1)
[2026-01-02T05:45:54.736Z] OK [sidearm-2025-12-12-Saint-Louis-(Semifinals)-NC-State] Parsed 60 stats (attempt 1)
[2026-01-02T05:45:54.741Z] OK [sidearm-2025-11-30-NC-State-UNC-Greensboro-(Third-Round)] Parsed 57 stats (attempt 1)
[2026-01-02T05:45:54.742Z] OK [sidearm-2025-12-06-(7)-Georgetown-(Quarterfinals)-NC-State] Parsed 58 stats (attempt 1)
[2026-01-02T05:45:54.901Z] OK [sidearm-2025-11-30-#14-Akron-Duke] Parsed 60 stats (attempt 1)
[2026-01-02T05:45:54.901Z] Retrying 5 games with longer waits...
[2026-01-02T05:45:58.796Z] WARN [sidearm-2025-11-30-Stanford-Washington] No stats found (attempt 2)
[2026-01-02T05:45:59.210Z] WARN [sidearm-2025-11-23-Stanford-Kansas-City] No stats found (attempt 2)
[2026-01-02T05:45:59.214Z] WARN [sidearm-2025-10-31-Clemson-Virginia-Tech] No stats found (attempt 2)
[2026-01-02T05:45:59.395Z] WARN [sidearm-2025-10-22-Virginia-Tech-Winthrop] No stats found (attempt 2)
[2026-01-02T05:45:59.589Z] WARN [sidearm-2025-10-22-Stanford-San-Francisco] No stats found (attempt 2)
[2026-01-02T05:45:59.590Z] Retrying 5 games with extra-long waits...
[2026-01-02T05:46:06.678Z] WARN [sidearm-2025-10-22-Virginia-Tech-Winthrop] No stats found (attempt 3)
[2026-01-02T05:46:06.679Z] WARN [sidearm-2025-10-31-Clemson-Virginia-Tech] No stats found (attempt 3)
[2026-01-02T05:46:07.085Z] WARN [sidearm-2025-10-22-Stanford-San-Francisco] No stats found (attempt 3)
[2026-01-02T05:46:07.091Z] WARN [sidearm-2025-11-23-Stanford-Kansas-City] No stats found (attempt 3)
[2026-01-02T05:46:07.283Z] WARN [sidearm-2025-11-30-Stanford-Washington] No stats found (attempt 3)
[2026-01-02T05:46:07.342Z] Batch 2 complete. Memory cleared.
[2026-01-02T05:46:07.352Z] DONE! Processed 182 games in 355.7s
[2026-01-02T05:46:07.352Z] Stats written to C:\Users\p0802\Documents\CS\NcaDB-1\ncaa-soccer\data\player_stats\2025\player_stats.csv
[2026-01-02T05:46:07.353Z] WARN 23 games still missing stats after retry. Logged to C:\Users\p0802\Documents\CS\NcaDB-1\ncaa-soccer\data\player_stats\failed_boxscores.log
[2026-01-02T05:53:56.209Z] Loading 182 games to process... (Removed 26 duplicates of existing team-dates)
[2026-01-02T05:53:56.211Z] Duplicate removals:
[2026-01-02T05:53:56.211Z]  - 2025-09-05 Louisville vs Stanford (box=https://gostanford.com/boxscore/25675)
[2026-01-02T05:53:56.212Z]  - 2025-09-12 #21 North Carolina vs Wake Forest (box=https://godeacs.com/sports/mens-soccer/stats/2025/north-carolina/boxscore/14220)
[2026-01-02T05:53:56.212Z]  - 2025-09-13 Syracuse vs #8 Stanford  (box=https://cuse.com/sports/mens-soccer/stats/2025/stanford/boxscore/18464)
[2026-01-02T05:53:56.213Z]  - 2025-09-14 Virginia Tech vs Boston College (box=https://hokiesports.com/boxscore/22150)
[2026-01-02T05:53:56.214Z]  - 2025-09-19 Boston College vs NC State (box=https://gopack.com/sports/mens-soccer/stats/2025/boston-college/boxscore/23997)
[2026-01-02T05:53:56.214Z]  - 2025-09-19 #19 Duke  vs Syracuse (box=https://cuse.com/sports/mens-soccer/stats/2025/duke/boxscore/18465)
[2026-01-02T05:53:56.215Z]  - 2025-09-26 #16 Duke University vs Louisville (box=https://gocards.com/sports/mens-soccer/stats/2025/duke-university/boxscore/25684)
[2026-01-02T05:53:56.215Z]  - 2025-09-26 Pittsburgh vs #1 NC State (box=https://pittsburghpanthers.com/sports/mens-soccer/stats/2025/nc-state/boxscore/14813)
[2026-01-02T05:53:56.216Z]  - 2025-09-28 Stanford vs Boston College (box=https://gostanford.com/boxscore/25681)
[2026-01-02T05:53:56.216Z]  - 2025-10-03 SMU vs California (box=https://smumustangs.com/sports/mens-soccer/stats/2025/california/boxscore/14071)
[2026-01-02T05:53:56.217Z]  - 2025-10-03 Louisville vs North Carolina (box=https://goheels.com/sports/mens-soccer/stats/2025/louisville/boxscore/26244)
[2026-01-02T05:53:56.217Z]  - 2025-10-04 Wake Forest vs #3 Stanford (box=https://godeacs.com/sports/mens-soccer/stats/2025/stanford/boxscore/14225)
[2026-01-02T05:53:56.218Z]  - 2025-10-10 Boston College vs Duke (box=https://goduke.com/sports/mens-soccer/stats/2025/boston-college/boxscore/24402)
[2026-01-02T05:53:56.218Z]  - 2025-10-11 Stanford vs Pittsburgh (box=https://gostanford.com/boxscore/25683)
[2026-01-02T05:53:56.219Z]  - 2025-10-11 Syracuse vs #25 SMU (box=https://cuse.com/sports/mens-soccer/stats/2025/smu/boxscore/18469)
[2026-01-02T05:53:56.220Z]  - 2025-10-11 Cal vs Wake Forest (box=https://godeacs.com/sports/mens-soccer/stats/2025/cal/boxscore/14226)
[2026-01-02T05:53:56.220Z]  - 2025-10-17 Wake Forest vs Louisville (box=https://godeacs.com/sports/mens-soccer/stats/2025/louisville/boxscore/14227)
[2026-01-02T05:53:56.221Z]  - 2025-10-24 Pitt vs Wake Forest (box=https://godeacs.com/sports/mens-soccer/stats/2025/pitt/boxscore/14229)
[2026-01-02T05:53:56.221Z]  - 2025-10-25 Syracuse vs North Carolina (box=https://goheels.com/sports/mens-soccer/stats/2025/syracuse/boxscore/26249)
[2026-01-02T05:53:56.222Z]  - 2025-10-26 Virginia Tech vs Cal (box=https://hokiesports.com/boxscore/22158)
[2026-01-02T05:53:56.222Z]  - 2025-10-31 Louisville vs Pittsburgh (box=https://pittsburghpanthers.com/sports/mens-soccer/stats/2025/louisville/boxscore/14819)
[2026-01-02T05:53:56.223Z]  - 2025-10-31 #4 NC State vs Syracuse (box=https://cuse.com/sports/mens-soccer/stats/2025/nc-state/boxscore/18473)
[2026-01-02T05:53:56.223Z]  - 2025-11-05 Stanford vs Boston College (box=https://gostanford.com/boxscore/26660)
[2026-01-02T05:53:56.224Z]  - 2025-11-05 (7) SMU vs Wake Forest (box=https://godeacs.com/sports/mens-soccer/stats/2025/-7-smu/boxscore/14572)
[2026-01-02T05:53:56.224Z]  - 2025-11-09 California vs Pittsburgh (box=https://pittsburghpanthers.com/sports/mens-soccer/stats/2025/california/boxscore/15016)
[2026-01-02T05:53:56.225Z]  - 2025-11-09 NC State vs Syracuse (box=https://cuse.com/sports/mens-soccer/stats/2025/nc-state/boxscore/18662)
[2026-01-02T05:53:56.226Z] Starting Batch 1 (120 games)...
[2026-01-02T05:54:02.788Z] OK [sidearm-2025-08-21-Stanford-Sacramento-State] Parsed 12 stats (attempt 1)
[2026-01-02T05:54:08.064Z] OK [sidearm-2025-08-21-Boston-College-Binghamton] Parsed 60 stats (attempt 1)
[2026-01-02T05:54:08.066Z] OK [sidearm-2025-08-21-NC-State-Queens] Parsed 64 stats (attempt 1)
[2026-01-02T05:54:08.458Z] OK [sidearm-2025-08-21-California-Saint-Mary's] Parsed 33 stats (attempt 1)
[2026-01-02T05:54:09.021Z] OK [sidearm-2025-08-21-Pittsburgh-Quinnipiac] Parsed 54 stats (attempt 1)
[2026-01-02T05:54:09.027Z] OK [sidearm-2025-08-21-SMU-UMKC] Parsed 35 stats (attempt 1)
[2026-01-02T05:54:09.032Z] OK [sidearm-2025-08-21-Louisville-University-of-Southern-Indiana] Parsed 54 stats (attempt 1)
[2026-01-02T05:54:09.102Z] OK [sidearm-2025-08-21-Duke-#10-San-Diego] Parsed 67 stats (attempt 1)
[2026-01-02T05:54:15.591Z] OK [sidearm-2025-08-21-Virginia-Tech-Ohio-State] Parsed 9 stats (attempt 1)
[2026-01-02T05:54:16.317Z] OK [sidearm-2025-08-24-Stanford-Denver] Parsed 7 stats (attempt 1)
[2026-01-02T05:54:21.116Z] OK [sidearm-2025-08-24-NC-State-Wofford] Parsed 64 stats (attempt 1)
[2026-01-02T05:54:21.641Z] OK [sidearm-2025-08-21-Syracuse-UConn] Parsed 54 stats (attempt 1)
[2026-01-02T05:54:21.644Z] OK [sidearm-2025-08-24-California-UCLA] Parsed 35 stats (attempt 1)
[2026-01-02T05:54:22.022Z] OK [sidearm-2025-08-24-SMU-Saint-Louis] Parsed 34 stats (attempt 1)
[2026-01-02T05:54:22.026Z] OK [sidearm-2025-08-24-Duke-UC-San-Diego] Parsed 61 stats (attempt 1)
[2026-01-02T05:54:23.802Z] OK [sidearm-2025-08-21-North-Carolina-UCF] Parsed 59 stats (attempt 1)
[2026-01-02T05:54:30.238Z] OK [sidearm-2025-08-24-Virginia-Tech-Canisius] Parsed 5 stats (attempt 1)
[2026-01-02T05:54:35.535Z] OK [sidearm-2025-08-25-Boston-College-Siena] Parsed 57 stats (attempt 1)
[2026-01-02T05:54:35.684Z] OK [sidearm-2025-08-24-Loyola--Syracuse] Parsed 58 stats (attempt 1)
[2026-01-02T05:54:36.082Z] OK [sidearm-2025-08-28-California-San-Francisco] Parsed 34 stats (attempt 1)
[2026-01-02T05:54:36.400Z] OK [sidearm-2025-08-25-Pittsburgh-Michigan-State] Parsed 54 stats (attempt 1)
[2026-01-02T05:54:36.402Z] OK [sidearm-2025-08-24-Wake-Forest-UCF] Parsed 58 stats (attempt 1)
[2026-01-02T05:54:36.406Z] OK [sidearm-2025-08-25-UAB-Louisville] Parsed 56 stats (attempt 1)
[2026-01-02T05:54:38.240Z] OK [sidearm-2025-08-24-North-Carolina-Seattle] Parsed 59 stats (attempt 1)
[2026-01-02T05:54:44.301Z] OK [sidearm-2025-08-28-Santa-Clara-Stanford] Parsed 6 stats (attempt 1)
[2026-01-02T05:54:48.267Z] OK [sidearm-2025-08-29-Providence-Boston-College] Parsed 57 stats (attempt 1)
[2026-01-02T05:54:48.409Z] OK [sidearm-2025-08-28-Syracuse-Penn-State-] Parsed 51 stats (attempt 1)
[2026-01-02T05:54:49.450Z] OK [sidearm-2025-08-29-NC-State-FIU] Parsed 57 stats (attempt 1)
[2026-01-02T05:54:49.897Z] OK [sidearm-2025-08-28-SMU-LMU] Parsed 32 stats (attempt 1)
[2026-01-02T05:54:49.909Z] OK [sidearm-2025-08-28-Wake-Forest-Oral-Roberts] Parsed 59 stats (attempt 1)
[2026-01-02T05:54:49.910Z] OK [sidearm-2025-08-29-Louisville-IU-Indy] Parsed 56 stats (attempt 1)
[2026-01-02T05:54:50.823Z] OK [sidearm-2025-08-28-North-Carolina-Evansville] Parsed 72 stats (attempt 1)
[2026-01-02T05:54:56.990Z] OK [sidearm-2025-08-29-Marshall-Virginia-Tech] Parsed 12 stats (attempt 1)
[2026-01-02T05:54:57.430Z] OK [sidearm-2025-08-31-Stanford-UC-Davis] Parsed 4 stats (attempt 1)
[2026-01-02T05:55:02.274Z] OK [sidearm-2025-09-01-Yale--Syracuse] Parsed 54 stats (attempt 1)
[2026-01-02T05:55:02.280Z] OK [sidearm-2025-08-31-California-UC-San-Diego] Parsed 34 stats (attempt 1)
[2026-01-02T05:55:02.666Z] OK [sidearm-2025-08-29-Georgetown-Pittsburgh] Parsed 54 stats (attempt 1)
[2026-01-02T05:55:02.671Z] OK [sidearm-2025-08-31-Wake-Forest-St.-John's] Parsed 63 stats (attempt 1)
[2026-01-02T05:55:02.675Z] OK [sidearm-2025-08-31-SMU-Oral-Roberts] Parsed 34 stats (attempt 1)
[2026-01-02T05:55:02.917Z] OK [sidearm-2025-08-31-Furman-Duke] Parsed 59 stats (attempt 1)
[2026-01-02T05:55:11.626Z] OK [sidearm-2025-09-05-NC-State-North-Carolina] Parsed 60 stats (attempt 1)
[2026-01-02T05:55:11.774Z] OK [sidearm-2025-09-05-Syracuse-Duquesne-] Parsed 54 stats (attempt 1)
[2026-01-02T05:55:12.173Z] OK [sidearm-2025-09-05-Louisville-#1-Stanford-University] Parsed 55 stats (attempt 1)
[2026-01-02T05:55:12.177Z] OK [sidearm-2025-09-05-Georgetown-Duke] Parsed 58 stats (attempt 1)
[2026-01-02T05:55:12.524Z] OK [sidearm-2025-09-05-#3-Clemson-Pittsburgh] Parsed 55 stats (attempt 1)
[2026-01-02T05:55:12.531Z] OK [sidearm-2025-09-04-SMU-GCU] Parsed 35 stats (attempt 1)
[2026-01-02T05:55:12.753Z] OK [sidearm-2025-09-02-Boston-College-Northeastern] Parsed 59 stats (attempt 1)
[2026-01-02T05:55:14.249Z] OK [sidearm-2025-09-01-College-of-Charleston-North-Carolina] Parsed 58 stats (attempt 1)
[2026-01-02T05:55:20.860Z] OK [sidearm-2025-09-05-Virginia-Tech-Virginia] Parsed 13 stats (attempt 1)
[2026-01-02T05:55:21.064Z] OK [sidearm-2025-09-09-Stanford-Saint-Mary's] Parsed 10 stats (attempt 1)
[2026-01-02T05:55:27.214Z] OK [sidearm-2025-09-08-Pittsburgh-Butler] Parsed 54 stats (attempt 1)
[2026-01-02T05:55:27.227Z] OK [sidearm-2025-09-07-Boston-College-California] Parsed 63 stats (attempt 1)
[2026-01-02T05:55:27.230Z] OK [sidearm-2025-09-05-Wake-Forest-Lipscomb] Parsed 55 stats (attempt 1)
[2026-01-02T05:55:27.235Z] OK [sidearm-2025-09-09-Ohio-State-University-Louisville] Parsed 55 stats (attempt 1)
[2026-01-02T05:55:27.237Z] OK [sidearm-2025-09-08-Syracuse-New-Haven] Parsed 71 stats (attempt 1)
[2026-01-02T05:55:27.629Z] OK [sidearm-2025-09-08-SMU-Incarnate-Word] Parsed 33 stats (attempt 1)
[2026-01-02T05:55:34.446Z] OK [sidearm-2025-09-09-Virginia-Tech-Furman] Parsed 4 stats (attempt 1)
[2026-01-02T05:55:38.970Z] OK [sidearm-2025-09-10-Boston-College-Dean] Parsed 77 stats (attempt 1)
[2026-01-02T05:55:39.459Z] OK [sidearm-2025-09-10-NC-State-Stetson] Parsed 65 stats (attempt 1)
[2026-01-02T05:55:39.468Z] OK [sidearm-2025-09-10-California-Harvard] Parsed 35 stats (attempt 1)
[2026-01-02T05:55:39.986Z] OK [sidearm-2025-09-12-Pittsburgh-Notre-Dame] Parsed 53 stats (attempt 1)
[2026-01-02T05:55:39.990Z] OK [sidearm-2025-09-09-Wake-Forest-Campbell] Parsed 59 stats (attempt 1)
[2026-01-02T05:55:39.993Z] OK [sidearm-2025-09-13-Louisville-#24/RV-University-of-Virginia] Parsed 58 stats (attempt 1)
[2026-01-02T05:55:41.650Z] OK [sidearm-2025-09-12-North-Carolina-Wake-Forest] Parsed 59 stats (attempt 1)
[2026-01-02T05:55:48.187Z] OK [sidearm-2025-09-13-Syracuse-Stanford] Parsed 9 stats (attempt 1)
[2026-01-02T05:55:52.758Z] OK [sidearm-2025-09-13-NC-State-FAU] Parsed 60 stats (attempt 1)
[2026-01-02T05:55:52.766Z] OK [sidearm-2025-09-14-No.-14-Virginia-Tech-Boston-College] Parsed 58 stats (attempt 1)
[2026-01-02T05:55:52.769Z] OK [sidearm-2025-09-16-NC-State-William-&-Mary] Parsed 58 stats (attempt 1)
[2026-01-02T05:55:53.387Z] OK [sidearm-2025-09-15-Pittsburgh-Incarnate-Word] Parsed 54 stats (attempt 1)
[2026-01-02T05:55:53.393Z] OK [sidearm-2025-09-13-SMU-Clemson] Parsed 31 stats (attempt 1)
[2026-01-02T05:55:53.397Z] OK [sidearm-2025-09-14-California-Duke] Parsed 33 stats (attempt 1)
[2026-01-02T05:55:55.572Z] OK [sidearm-2025-09-16-North-Carolina-Memphis] Parsed 57 stats (attempt 1)
[2026-01-02T05:56:02.246Z] OK [sidearm-2025-09-17-San-Jose-State-Stanford] Parsed 10 stats (attempt 1)
[2026-01-02T05:56:06.842Z] OK [sidearm-2025-09-19-Boston-College-No.-2-NC-State] Parsed 61 stats (attempt 1)
[2026-01-02T05:56:07.236Z] OK [sidearm-2025-09-19-California-Clemson] Parsed 37 stats (attempt 1)
[2026-01-02T05:56:08.488Z] OK [sidearm-2025-09-19-Maryland-Pittsburgh] Parsed 56 stats (attempt 1)
[2026-01-02T05:56:08.493Z] OK [sidearm-2025-09-16-Wake-Forest-UNCW] Parsed 58 stats (attempt 1)
[2026-01-02T05:56:08.497Z] OK [sidearm-2025-09-19-University-of-Notre-Dame-Louisville] Parsed 55 stats (attempt 1)
[2026-01-02T05:56:08.502Z] OK [sidearm-2025-09-19-Virginia-Wake-Forest] Parsed 59 stats (attempt 1)
[2026-01-02T05:56:08.507Z] OK [sidearm-2025-09-19-Duke-Syracuse] Parsed 55 stats (attempt 1)
[2026-01-02T05:56:14.996Z] OK [sidearm-2025-09-21-Stanford-Virginia-Tech] Parsed 7 stats (attempt 1)
[2026-01-02T05:56:19.771Z] OK [sidearm-2025-09-23-Boston-College-Boston-University] Parsed 59 stats (attempt 1)
[2026-01-02T05:56:20.177Z] OK [sidearm-2025-09-23-California-UNC-Asheville] Parsed 36 stats (attempt 1)
[2026-01-02T05:56:20.816Z] OK [sidearm-2025-09-20-SMU-North-Carolina] Parsed 32 stats (attempt 1)
[2026-01-02T05:56:20.824Z] OK [sidearm-2025-09-22-Pittsburgh-Mercyhurst] Parsed 84 stats (attempt 1)
[2026-01-02T05:56:20.827Z] OK [sidearm-2025-09-22-Wake-Forest-Liberty] Parsed 51 stats (attempt 1)
[2026-01-02T05:56:20.831Z] OK [sidearm-2025-09-23-Louisville-#18-University-of-Kentucky] Parsed 54 stats (attempt 1)
[2026-01-02T05:56:20.834Z] OK [sidearm-2025-09-23-Duke-Howard] Parsed 58 stats (attempt 1)
[2026-01-02T05:56:26.982Z] OK [sidearm-2025-09-24-Stanford-Oregon-State] Parsed 10 stats (attempt 1)
[2026-01-02T05:56:31.869Z] OK [sidearm-2025-09-26-Pittsburgh-NC-State] Parsed 56 stats (attempt 1)
[2026-01-02T05:56:32.312Z] OK [sidearm-2025-09-23-Syracuse-Colgate-] Parsed 54 stats (attempt 1)
[2026-01-02T05:56:32.319Z] OK [sidearm-2025-09-27-California-Syracuse] Parsed 37 stats (attempt 1)
[2026-01-02T05:56:32.925Z] OK [sidearm-2025-09-27-SMU-Notre-Dame] Parsed 33 stats (attempt 1)
[2026-01-02T05:56:32.929Z] OK [sidearm-2025-09-26-Wake-Forest-Clemson] Parsed 58 stats (attempt 1)
[2026-01-02T05:56:33.097Z] OK [sidearm-2025-09-26-Duke-Louisville] Parsed 58 stats (attempt 1)
[2026-01-02T05:56:34.595Z] OK [sidearm-2025-09-27-Virginia-North-Carolina] Parsed 60 stats (attempt 1)
[2026-01-02T05:56:40.441Z] OK [sidearm-2025-09-29-ETSU-Virginia-Tech] Parsed 8 stats (attempt 1)
[2026-01-02T05:56:44.776Z] OK [sidearm-2025-10-03-Syracuse-Boston-College] Parsed 56 stats (attempt 1)
[2026-01-02T05:56:44.780Z] OK [sidearm-2025-09-28-#6-Stanford-Boston-College] Parsed 58 stats (attempt 1)
[2026-01-02T05:56:44.783Z] OK [sidearm-2025-10-01-UNCW-NC-State] Parsed 59 stats (attempt 1)
[2026-01-02T05:56:45.491Z] OK [sidearm-2025-10-03-Louisville-University-of-North-Carolina] Parsed 58 stats (attempt 1)
[2026-01-02T05:56:45.499Z] OK [sidearm-2025-10-03-Duke-Pitt] Parsed 56 stats (attempt 1)
[2026-01-02T05:56:45.502Z] OK [sidearm-2025-09-30-Duke-Averett] Parsed 51 stats (attempt 1)
[2026-01-02T05:56:45.505Z] OK [sidearm-2025-10-03-California-Southern-Methodist-University] Parsed 42 stats (attempt 1)
[2026-01-02T05:56:53.207Z] OK [sidearm-2025-10-07-Virginia-Tech-Longwood] Parsed 6 stats (attempt 1)
[2026-01-02T05:56:53.930Z] OK [sidearm-2025-10-03-Notre-Dame-Virginia-Tech] Parsed 7 stats (attempt 1)
[2026-01-02T05:56:53.953Z] OK [sidearm-2025-10-04-Wake-Forest-Stanford] Parsed 10 stats (attempt 1)
[2026-01-02T05:56:57.252Z] OK [sidearm-2025-10-05-NC-State-#16-Virginia] Parsed 60 stats (attempt 1)
[2026-01-02T05:56:59.576Z] OK [sidearm-2025-10-03-#9-Duke-Pittsburgh] Parsed 56 stats (attempt 1)
[2026-01-02T05:56:59.580Z] OK [sidearm-2025-10-07-Louisville-Belmont-University] Parsed 55 stats (attempt 1)
[2026-01-02T05:56:59.583Z] OK [sidearm-2025-10-07-Duke-Elon] Parsed 60 stats (attempt 1)
[2026-01-02T05:56:59.947Z] OK [sidearm-2025-10-07-Lipscomb-North-Carolina] Parsed 56 stats (attempt 1)
[2026-01-02T05:57:08.246Z] OK [sidearm-2025-10-10-Boston-College-No.-7-Duke] Parsed 61 stats (attempt 1)
[2026-01-02T05:57:08.263Z] OK [sidearm-2025-10-11-California-Wake-Forest] Parsed 36 stats (attempt 1)
[2026-01-02T05:57:08.889Z] OK [sidearm-2025-10-10-NC-State-Clemson] Parsed 59 stats (attempt 1)
[2026-01-02T05:57:09.018Z] OK [sidearm-2025-10-14-Boston-College-AIC] Parsed 83 stats (attempt 1)
[2026-01-02T05:57:10.981Z] OK [sidearm-2025-10-11-#1-Stanford-Pittsburgh] Parsed 53 stats (attempt 1)
[2026-01-02T05:57:10.983Z] OK [sidearm-2025-10-11-SMU-Syracuse] Parsed 35 stats (attempt 1)
[2026-01-02T05:57:10.986Z] OK [sidearm-2025-10-11-Virginia-Tech-Louisville] Parsed 55 stats (attempt 1)
[2026-01-02T05:57:11.953Z] OK [sidearm-2025-10-11-North-Carolina-St.-Thomas] Parsed 58 stats (attempt 1)
[2026-01-02T05:57:12.048Z] Batch 1 complete. Memory cleared.
[2026-01-02T05:57:12.049Z] Starting Batch 2 (62 games)...
[2026-01-02T05:57:23.120Z] OK [sidearm-2025-10-14-Pittsburgh-Denver] Parsed 55 stats (attempt 1)
[2026-01-02T05:57:23.123Z] OK [sidearm-2025-10-17-Wake-Forest-University-Louisville] Parsed 57 stats (attempt 1)
[2026-01-02T05:57:23.128Z] OK [sidearm-2025-10-17-Notre-Dame-NC-State] Parsed 57 stats (attempt 1)
[2026-01-02T05:57:23.134Z] OK [sidearm-2025-10-14-SMU-Central-Arkansas] Parsed 34 stats (attempt 1)
[2026-01-02T05:57:24.048Z] OK [sidearm-2025-10-18-Pittsburgh-Syracuse] Parsed 51 stats (attempt 1)
[2026-01-02T05:57:24.053Z] OK [sidearm-2025-10-18-SMU-Boston-College] Parsed 61 stats (attempt 1)
[2026-01-02T05:57:24.056Z] OK [sidearm-2025-10-17-Clemson-Duke] Parsed 59 stats (attempt 1)
[2026-01-02T05:57:25.465Z] OK [sidearm-2025-10-15-North-Carolina-UAB] Parsed 58 stats (attempt 1)
[2026-01-02T05:57:32.517Z] OK [sidearm-2025-10-22-Stanford-San-Francisco] Parsed 6 stats (attempt 1)
[2026-01-02T05:57:38.215Z] OK [sidearm-2025-10-21-Wake-Forest-Wofford] Parsed 62 stats (attempt 1)
[2026-01-02T05:57:38.223Z] OK [sidearm-2025-10-21-Lipscomb-University-Louisville] Parsed 54 stats (attempt 1)
[2026-01-02T05:57:38.227Z] OK [sidearm-2025-10-21-NC-State-#18-UNC-Greensboro] Parsed 57 stats (attempt 1)
[2026-01-02T05:57:38.231Z] OK [sidearm-2025-10-21-Duke-Queens] Parsed 65 stats (attempt 1)
[2026-01-02T05:57:38.676Z] OK [sidearm-2025-10-21-Cornell--Syracuse] Parsed 57 stats (attempt 1)
[2026-01-02T05:57:38.681Z] OK [sidearm-2025-10-22-California-Radford] Parsed 43 stats (attempt 1)
[2026-01-02T05:57:40.838Z] OK [sidearm-2025-10-19-North-Carolina-Virginia-Tech] Parsed 57 stats (attempt 1)
[2026-01-02T05:57:46.607Z] OK [sidearm-2025-10-22-Virginia-Tech-Winthrop] Parsed 4 stats (attempt 1)
[2026-01-02T05:57:53.207Z] OK [sidearm-2025-10-25-#19-Duke-NC-State] Parsed 60 stats (attempt 1)
[2026-01-02T05:57:53.208Z] OK [sidearm-2025-10-24-Pittsburgh-Wake-Forest] Parsed 55 stats (attempt 1)
[2026-01-02T05:57:53.210Z] OK [sidearm-2025-10-24-Boston-College-Notre-Dame] Parsed 58 stats (attempt 1)
[2026-01-02T05:57:53.214Z] OK [sidearm-2025-10-25-Syracuse-#22-North-Carolina] Parsed 55 stats (attempt 1)
[2026-01-02T05:57:53.217Z] OK [sidearm-2025-10-25-Duke-#3-NC-State] Parsed 60 stats (attempt 1)
[2026-01-02T05:57:53.220Z] OK [sidearm-2025-10-26-SMU-Stanford] Parsed 28 stats (attempt 1)
[2026-01-02T05:57:53.224Z] OK [sidearm-2025-10-26-California-Virginia-Tech] Parsed 35 stats (attempt 1)
[2026-01-02T05:57:58.595Z] OK [sidearm-2025-10-31-Clemson-Virginia-Tech] Parsed 11 stats (attempt 1)
[2026-01-02T05:58:02.672Z] OK [sidearm-2025-10-31-Boston-College-Saint-Joseph's] Parsed 64 stats (attempt 1)
[2026-01-02T05:58:03.080Z] OK [sidearm-2025-10-31-NC-State-Syracuse] Parsed 55 stats (attempt 1)
[2026-01-02T05:58:03.083Z] OK [sidearm-2025-10-31-California-Stanford] Parsed 33 stats (attempt 1)
[2026-01-02T05:58:04.251Z] OK [sidearm-2025-10-31-Louisville-University-of-Pittsburgh] Parsed 54 stats (attempt 1)
[2026-01-02T05:58:04.255Z] OK [sidearm-2025-10-27-Louisville-University-of-Evansville] Parsed 70 stats (attempt 1)
[2026-01-02T05:58:04.259Z] OK [sidearm-2025-10-31-North-Carolina-Duke] Parsed 60 stats (attempt 1)
[2026-01-02T05:58:04.264Z] OK [sidearm-2025-10-31-SMU-Virginia] Parsed 31 stats (attempt 1)
[2026-01-02T05:58:16.176Z] OK [sidearm-2025-11-05-Clemson-Pittsburgh] Parsed 55 stats (attempt 1)
[2026-01-02T05:58:16.178Z] OK [sidearm-2025-11-05-SMU-Wake-Forest] Parsed 34 stats (attempt 1)
[2026-01-02T05:58:16.179Z] OK [sidearm-2025-10-31-Wake-Forest-Notre-Dame] Parsed 56 stats (attempt 1)
[2026-01-02T05:58:16.179Z] OK [sidearm-2025-11-05-No.-7-Stanford-Boston-College] Parsed 58 stats (attempt 1)
[2026-01-02T05:58:16.180Z] OK [sidearm-2025-11-05-NC-State-(14)-Louisville] Parsed 58 stats (attempt 1)
[2026-01-02T05:58:16.184Z] OK [sidearm-2025-11-05-Syracuse-Virginia-Tech] Parsed 52 stats (attempt 1)
[2026-01-02T05:58:16.188Z] OK [sidearm-2025-11-05-California-Duke] Parsed 34 stats (attempt 1)
[2026-01-02T05:58:17.099Z] OK [sidearm-2025-11-05-(3)-NC-State-University-Louisville] Parsed 58 stats (attempt 1)
[2026-01-02T05:58:27.662Z] OK [sidearm-2025-11-09-NC-State-(6)-Syracuse] Parsed 55 stats (attempt 1)
[2026-01-02T05:58:27.664Z] OK [sidearm-2025-11-13-California-Virginia] Parsed 34 stats (attempt 1)
[2026-01-02T05:58:27.669Z] OK [sidearm-2025-11-09-California-Pitt] Parsed 31 stats (attempt 1)
[2026-01-02T05:58:28.306Z] OK [sidearm-2025-11-16-SMU-Virginia] Parsed 31 stats (attempt 1)
[2026-01-02T05:58:28.314Z] OK [sidearm-2025-11-13-SMU-Syracuse] Parsed 36 stats (attempt 1)
[2026-01-02T05:58:28.319Z] OK [sidearm-2025-11-09-SMU-Stanford] Parsed 27 stats (attempt 1)
[2026-01-02T05:58:30.008Z] OK [sidearm-2025-11-05-Notre-Dame-North-Carolina] Parsed 57 stats (attempt 1)
[2026-01-02T05:58:30.012Z] OK [sidearm-2025-11-09-Virginia-North-Carolina] Parsed 60 stats (attempt 1)
[2026-01-02T05:58:36.984Z] OK [sidearm-2025-11-23-Stanford-Kansas-City] Parsed 5 stats (attempt 1)
[2026-01-02T05:58:41.210Z] OK [sidearm-2025-11-23-SMU-Washington] Parsed 30 stats (attempt 1)
[2026-01-02T05:58:41.697Z] OK [sidearm-2025-11-23-NC-State-Marshall-(Second-Round)] Parsed 58 stats (attempt 1)
[2026-01-02T05:58:41.703Z] OK [sidearm-2025-11-20-Syracuse-Hofstra] Parsed 54 stats (attempt 1)
[2026-01-02T05:58:41.705Z] OK [sidearm-2025-11-20-Duke-FDU] Parsed 67 stats (attempt 1)
[2026-01-02T05:58:41.708Z] OK [sidearm-2025-11-23-#3-Princeton-Duke] Parsed 61 stats (attempt 1)
[2026-01-02T05:58:44.019Z] OK [sidearm-2025-11-23-No.-4-Maryland-North-Carolina] Parsed 60 stats (attempt 1)
[2026-01-02T05:58:44.023Z] OK [sidearm-2025-11-20-North-Carolina-North-Florida] Parsed 63 stats (attempt 1)
[2026-01-02T05:58:50.850Z] OK [sidearm-2025-11-30-Stanford-Washington] Parsed 3 stats (attempt 1)
[2026-01-02T05:58:56.021Z] OK [sidearm-2025-11-30-NC-State-UNC-Greensboro-(Third-Round)] Parsed 57 stats (attempt 1)
[2026-01-02T05:58:56.024Z] OK [sidearm-2025-12-15-NC-State-Washington] Parsed 59 stats (attempt 1)
[2026-01-02T05:58:56.029Z] OK [sidearm-2025-12-06-(7)-Georgetown-(Quarterfinals)-NC-State] Parsed 58 stats (attempt 1)
[2026-01-02T05:58:56.034Z] OK [sidearm-2025-12-12-Saint-Louis-(Semifinals)-NC-State] Parsed 60 stats (attempt 1)
[2026-01-02T05:58:56.037Z] OK [sidearm-2025-11-30-#14-Akron-Duke] Parsed 60 stats (attempt 1)
[2026-01-02T05:58:56.108Z] Batch 2 complete. Memory cleared.
[2026-01-02T05:58:56.128Z] DONE! Processed 182 games in 299.9s
[2026-01-02T05:58:56.129Z] Stats written to C:\Users\p0802\Documents\CS\NcaDB-1\ncaa-soccer\data\player_stats\2025\player_stats.csv
[2026-01-06T01:52:11.230Z] Loading 182 games to process... (Removed 26 duplicates of existing team-dates)
[2026-01-06T01:52:11.231Z] Duplicate removals:
[2026-01-06T01:52:11.231Z]  - 2025-09-05 Louisville vs Stanford (box=https://gostanford.com/boxscore/25675)
[2026-01-06T01:52:11.231Z]  - 2025-09-12 #21 North Carolina vs Wake Forest (box=https://godeacs.com/sports/mens-soccer/stats/2025/north-carolina/boxscore/14220)
[2026-01-06T01:52:11.231Z]  - 2025-09-13 Syracuse vs #8 Stanford  (box=https://cuse.com/sports/mens-soccer/stats/2025/stanford/boxscore/18464)
[2026-01-06T01:52:11.231Z]  - 2025-09-14 Virginia Tech vs Boston College (box=https://hokiesports.com/boxscore/22150)
[2026-01-06T01:52:11.231Z]  - 2025-09-19 Boston College vs NC State (box=https://gopack.com/sports/mens-soccer/stats/2025/boston-college/boxscore/23997)
[2026-01-06T01:52:11.232Z]  - 2025-09-19 #19 Duke  vs Syracuse (box=https://cuse.com/sports/mens-soccer/stats/2025/duke/boxscore/18465)
[2026-01-06T01:52:11.232Z]  - 2025-09-26 #16 Duke University vs Louisville (box=https://gocards.com/sports/mens-soccer/stats/2025/duke-university/boxscore/25684)
[2026-01-06T01:52:11.232Z]  - 2025-09-26 Pittsburgh vs #1 NC State (box=https://pittsburghpanthers.com/sports/mens-soccer/stats/2025/nc-state/boxscore/14813)
[2026-01-06T01:52:11.232Z]  - 2025-09-28 Stanford vs Boston College (box=https://gostanford.com/boxscore/25681)
[2026-01-06T01:52:11.232Z]  - 2025-10-03 SMU vs California (box=https://smumustangs.com/sports/mens-soccer/stats/2025/california/boxscore/14071)
[2026-01-06T01:52:11.232Z]  - 2025-10-03 Louisville vs North Carolina (box=https://goheels.com/sports/mens-soccer/stats/2025/louisville/boxscore/26244)
[2026-01-06T01:52:11.232Z]  - 2025-10-04 Wake Forest vs #3 Stanford (box=https://godeacs.com/sports/mens-soccer/stats/2025/stanford/boxscore/14225)
[2026-01-06T01:52:11.232Z]  - 2025-10-10 Boston College vs Duke (box=https://goduke.com/sports/mens-soccer/stats/2025/boston-college/boxscore/24402)
[2026-01-06T01:52:11.233Z]  - 2025-10-11 Stanford vs Pittsburgh (box=https://gostanford.com/boxscore/25683)
[2026-01-06T01:52:11.233Z]  - 2025-10-11 Syracuse vs #25 SMU (box=https://cuse.com/sports/mens-soccer/stats/2025/smu/boxscore/18469)
[2026-01-06T01:52:11.233Z]  - 2025-10-11 Cal vs Wake Forest (box=https://godeacs.com/sports/mens-soccer/stats/2025/cal/boxscore/14226)
[2026-01-06T01:52:11.233Z]  - 2025-10-17 Wake Forest vs Louisville (box=https://godeacs.com/sports/mens-soccer/stats/2025/louisville/boxscore/14227)
[2026-01-06T01:52:11.233Z]  - 2025-10-24 Pitt vs Wake Forest (box=https://godeacs.com/sports/mens-soccer/stats/2025/pitt/boxscore/14229)
[2026-01-06T01:52:11.234Z]  - 2025-10-25 Syracuse vs North Carolina (box=https://goheels.com/sports/mens-soccer/stats/2025/syracuse/boxscore/26249)
[2026-01-06T01:52:11.234Z]  - 2025-10-26 Virginia Tech vs Cal (box=https://hokiesports.com/boxscore/22158)
[2026-01-06T01:52:11.234Z]  - 2025-10-31 Louisville vs Pittsburgh (box=https://pittsburghpanthers.com/sports/mens-soccer/stats/2025/louisville/boxscore/14819)
[2026-01-06T01:52:11.234Z]  - 2025-10-31 #4 NC State vs Syracuse (box=https://cuse.com/sports/mens-soccer/stats/2025/nc-state/boxscore/18473)
[2026-01-06T01:52:11.234Z]  - 2025-11-05 Stanford vs Boston College (box=https://gostanford.com/boxscore/26660)
[2026-01-06T01:52:11.234Z]  - 2025-11-05 (7) SMU vs Wake Forest (box=https://godeacs.com/sports/mens-soccer/stats/2025/-7-smu/boxscore/14572)
[2026-01-06T01:52:11.234Z]  - 2025-11-09 California vs Pittsburgh (box=https://pittsburghpanthers.com/sports/mens-soccer/stats/2025/california/boxscore/15016)
[2026-01-06T01:52:11.234Z]  - 2025-11-09 NC State vs Syracuse (box=https://cuse.com/sports/mens-soccer/stats/2025/nc-state/boxscore/18662)
[2026-01-06T01:52:11.235Z] Starting Batch 1 (120 games)...
[2026-01-06T01:52:21.258Z] OK [sidearm-2025-08-21-Stanford-Sacramento-State] Parsed 12 stats (attempt 1)
[2026-01-06T01:52:25.772Z] OK [sidearm-2025-08-21-California-Saint-Mary's] Parsed 33 stats (attempt 1)
[2026-01-06T01:52:25.777Z] OK [sidearm-2025-08-21-Boston-College-Binghamton] Parsed 60 stats (attempt 1)
[2026-01-06T01:52:25.778Z] OK [sidearm-2025-08-21-NC-State-Queens] Parsed 64 stats (attempt 1)
[2026-01-06T01:52:26.365Z] OK [sidearm-2025-08-21-Duke-#10-San-Diego] Parsed 67 stats (attempt 1)
[2026-01-06T01:52:26.370Z] OK [sidearm-2025-08-21-Pittsburgh-Quinnipiac] Parsed 54 stats (attempt 1)
[2026-01-06T01:52:26.371Z] OK [sidearm-2025-08-21-Louisville-University-of-Southern-Indiana] Parsed 54 stats (attempt 1)
[2026-01-06T01:52:26.375Z] OK [sidearm-2025-08-21-SMU-UMKC] Parsed 35 stats (attempt 1)
[2026-01-06T01:52:32.513Z] OK [sidearm-2025-08-21-Virginia-Tech-Ohio-State] Parsed 9 stats (attempt 1)
[2026-01-06T01:52:32.788Z] OK [sidearm-2025-08-24-Stanford-Denver] Parsed 7 stats (attempt 1)
[2026-01-06T01:52:37.834Z] OK [sidearm-2025-08-24-California-UCLA] Parsed 35 stats (attempt 1)
[2026-01-06T01:52:37.964Z] OK [sidearm-2025-08-24-NC-State-Wofford] Parsed 64 stats (attempt 1)
[2026-01-06T01:52:37.966Z] OK [sidearm-2025-08-21-Syracuse-UConn] Parsed 54 stats (attempt 1)
[2026-01-06T01:52:38.745Z] OK [sidearm-2025-08-24-SMU-Saint-Louis] Parsed 34 stats (attempt 1)
[2026-01-06T01:52:38.838Z] OK [sidearm-2025-08-24-Duke-UC-San-Diego] Parsed 61 stats (attempt 1)
[2026-01-06T01:52:40.182Z] OK [sidearm-2025-08-21-North-Carolina-UCF] Parsed 59 stats (attempt 1)
[2026-01-06T01:52:44.846Z] OK [sidearm-2025-08-24-Virginia-Tech-Canisius] Parsed 5 stats (attempt 1)
[2026-01-06T01:52:50.272Z] OK [sidearm-2025-08-25-Boston-College-Siena] Parsed 57 stats (attempt 1)
[2026-01-06T01:52:50.276Z] OK [sidearm-2025-08-28-California-San-Francisco] Parsed 34 stats (attempt 1)
[2026-01-06T01:52:50.364Z] OK [sidearm-2025-08-24-Loyola--Syracuse] Parsed 58 stats (attempt 1)
[2026-01-06T01:52:50.529Z] OK [sidearm-2025-08-24-Wake-Forest-UCF] Parsed 58 stats (attempt 1)
[2026-01-06T01:52:50.532Z] OK [sidearm-2025-08-25-UAB-Louisville] Parsed 56 stats (attempt 1)
[2026-01-06T01:52:50.534Z] OK [sidearm-2025-08-25-Pittsburgh-Michigan-State] Parsed 54 stats (attempt 1)
[2026-01-06T01:52:52.681Z] OK [sidearm-2025-08-24-North-Carolina-Seattle] Parsed 59 stats (attempt 1)
[2026-01-06T01:52:57.722Z] OK [sidearm-2025-08-28-Santa-Clara-Stanford] Parsed 6 stats (attempt 1)
[2026-01-06T01:53:02.358Z] OK [sidearm-2025-08-29-NC-State-FIU] Parsed 57 stats (attempt 1)
[2026-01-06T01:53:02.360Z] OK [sidearm-2025-08-29-Providence-Boston-College] Parsed 57 stats (attempt 1)
[2026-01-06T01:53:02.435Z] OK [sidearm-2025-08-28-Syracuse-Penn-State-] Parsed 51 stats (attempt 1)
[2026-01-06T01:53:03.014Z] OK [sidearm-2025-08-29-Louisville-IU-Indy] Parsed 56 stats (attempt 1)
[2026-01-06T01:53:03.017Z] OK [sidearm-2025-08-28-SMU-LMU] Parsed 32 stats (attempt 1)
[2026-01-06T01:53:03.020Z] OK [sidearm-2025-08-28-Wake-Forest-Oral-Roberts] Parsed 59 stats (attempt 1)
[2026-01-06T01:53:04.766Z] OK [sidearm-2025-08-28-North-Carolina-Evansville] Parsed 72 stats (attempt 1)
[2026-01-06T01:53:11.039Z] OK [sidearm-2025-08-29-Marshall-Virginia-Tech] Parsed 12 stats (attempt 1)
[2026-01-06T01:53:12.189Z] OK [sidearm-2025-08-31-Stanford-UC-Davis] Parsed 4 stats (attempt 1)
[2026-01-06T01:53:16.474Z] OK [sidearm-2025-08-31-California-UC-San-Diego] Parsed 34 stats (attempt 1)
[2026-01-06T01:53:16.603Z] OK [sidearm-2025-09-01-Yale--Syracuse] Parsed 54 stats (attempt 1)
[2026-01-06T01:53:17.389Z] OK [sidearm-2025-08-31-Wake-Forest-St.-John's] Parsed 63 stats (attempt 1)
[2026-01-06T01:53:17.624Z] OK [sidearm-2025-08-29-Georgetown-Pittsburgh] Parsed 54 stats (attempt 1)
[2026-01-06T01:53:17.626Z] OK [sidearm-2025-08-31-SMU-Oral-Roberts] Parsed 34 stats (attempt 1)
[2026-01-06T01:53:17.628Z] OK [sidearm-2025-08-31-Furman-Duke] Parsed 59 stats (attempt 1)
[2026-01-06T01:53:26.341Z] OK [sidearm-2025-09-05-NC-State-North-Carolina] Parsed 60 stats (attempt 1)
[2026-01-06T01:53:26.461Z] OK [sidearm-2025-09-02-Boston-College-Northeastern] Parsed 59 stats (attempt 1)
[2026-01-06T01:53:26.464Z] OK [sidearm-2025-09-05-Syracuse-Duquesne-] Parsed 54 stats (attempt 1)
[2026-01-06T01:53:26.776Z] OK [sidearm-2025-09-05-#3-Clemson-Pittsburgh] Parsed 55 stats (attempt 1)
[2026-01-06T01:53:26.777Z] OK [sidearm-2025-09-05-Louisville-#1-Stanford-University] Parsed 55 stats (attempt 1)
[2026-01-06T01:53:26.963Z] OK [sidearm-2025-09-04-SMU-GCU] Parsed 35 stats (attempt 1)
[2026-01-06T01:53:26.965Z] OK [sidearm-2025-09-05-Georgetown-Duke] Parsed 58 stats (attempt 1)
[2026-01-06T01:53:28.997Z] OK [sidearm-2025-09-01-College-of-Charleston-North-Carolina] Parsed 58 stats (attempt 1)
[2026-01-06T01:53:34.587Z] OK [sidearm-2025-09-05-Virginia-Tech-Virginia] Parsed 13 stats (attempt 1)
[2026-01-06T01:53:35.193Z] OK [sidearm-2025-09-09-Stanford-Saint-Mary's] Parsed 10 stats (attempt 1)
[2026-01-06T01:53:40.093Z] OK [sidearm-2025-09-07-Boston-College-California] Parsed 63 stats (attempt 1)
[2026-01-06T01:53:40.168Z] OK [sidearm-2025-09-08-Syracuse-New-Haven] Parsed 71 stats (attempt 1)
[2026-01-06T01:53:40.609Z] OK [sidearm-2025-09-08-SMU-Incarnate-Word] Parsed 33 stats (attempt 1)
[2026-01-06T01:53:40.763Z] OK [sidearm-2025-09-08-Pittsburgh-Butler] Parsed 54 stats (attempt 1)
[2026-01-06T01:53:40.766Z] OK [sidearm-2025-09-05-Wake-Forest-Lipscomb] Parsed 55 stats (attempt 1)
[2026-01-06T01:53:40.768Z] OK [sidearm-2025-09-09-Ohio-State-University-Louisville] Parsed 55 stats (attempt 1)
[2026-01-06T01:53:46.548Z] OK [sidearm-2025-09-09-Virginia-Tech-Furman] Parsed 4 stats (attempt 1)
[2026-01-06T01:53:52.122Z] OK [sidearm-2025-09-10-NC-State-Stetson] Parsed 65 stats (attempt 1)
[2026-01-06T01:53:52.128Z] OK [sidearm-2025-09-10-Boston-College-Dean] Parsed 77 stats (attempt 1)
[2026-01-06T01:53:52.667Z] OK [sidearm-2025-09-13-Louisville-#24/RV-University-of-Virginia] Parsed 58 stats (attempt 1)
[2026-01-06T01:53:52.672Z] OK [sidearm-2025-09-10-California-Harvard] Parsed 35 stats (attempt 1)
[2026-01-06T01:53:52.677Z] OK [sidearm-2025-09-09-Wake-Forest-Campbell] Parsed 59 stats (attempt 1)
[2026-01-06T01:53:52.679Z] OK [sidearm-2025-09-12-Pittsburgh-Notre-Dame] Parsed 53 stats (attempt 1)
[2026-01-06T01:53:54.747Z] OK [sidearm-2025-09-12-North-Carolina-Wake-Forest] Parsed 59 stats (attempt 1)
[2026-01-06T01:54:00.456Z] OK [sidearm-2025-09-13-Syracuse-Stanford] Parsed 9 stats (attempt 1)
[2026-01-06T01:54:05.908Z] OK [sidearm-2025-09-14-No.-14-Virginia-Tech-Boston-College] Parsed 58 stats (attempt 1)
[2026-01-06T01:54:05.911Z] OK [sidearm-2025-09-16-NC-State-William-&-Mary] Parsed 58 stats (attempt 1)
[2026-01-06T01:54:05.915Z] OK [sidearm-2025-09-13-NC-State-FAU] Parsed 60 stats (attempt 1)
[2026-01-06T01:54:05.917Z] OK [sidearm-2025-09-14-California-Duke] Parsed 33 stats (attempt 1)
[2026-01-06T01:54:06.275Z] OK [sidearm-2025-09-13-SMU-Clemson] Parsed 31 stats (attempt 1)
[2026-01-06T01:54:06.360Z] OK [sidearm-2025-09-15-Pittsburgh-Incarnate-Word] Parsed 54 stats (attempt 1)
[2026-01-06T01:54:08.224Z] OK [sidearm-2025-09-16-North-Carolina-Memphis] Parsed 57 stats (attempt 1)
[2026-01-06T01:54:13.912Z] OK [sidearm-2025-09-17-San-Jose-State-Stanford] Parsed 10 stats (attempt 1)
[2026-01-06T01:54:18.517Z] OK [sidearm-2025-09-19-Boston-College-No.-2-NC-State] Parsed 61 stats (attempt 1)
[2026-01-06T01:54:18.847Z] OK [sidearm-2025-09-19-California-Clemson] Parsed 37 stats (attempt 1)
[2026-01-06T01:54:19.570Z] OK [sidearm-2025-09-16-Wake-Forest-UNCW] Parsed 58 stats (attempt 1)
[2026-01-06T01:54:19.576Z] OK [sidearm-2025-09-19-Virginia-Wake-Forest] Parsed 59 stats (attempt 1)
[2026-01-06T01:54:19.578Z] OK [sidearm-2025-09-19-University-of-Notre-Dame-Louisville] Parsed 55 stats (attempt 1)
[2026-01-06T01:54:19.769Z] OK [sidearm-2025-09-19-Maryland-Pittsburgh] Parsed 56 stats (attempt 1)
[2026-01-06T01:54:19.772Z] OK [sidearm-2025-09-19-Duke-Syracuse] Parsed 55 stats (attempt 1)
[2026-01-06T01:54:25.263Z] OK [sidearm-2025-09-21-Stanford-Virginia-Tech] Parsed 7 stats (attempt 1)
[2026-01-06T01:54:30.196Z] OK [sidearm-2025-09-23-California-UNC-Asheville] Parsed 36 stats (attempt 1)
[2026-01-06T01:54:30.200Z] OK [sidearm-2025-09-23-Boston-College-Boston-University] Parsed 59 stats (attempt 1)
[2026-01-06T01:54:30.801Z] OK [sidearm-2025-09-22-Pittsburgh-Mercyhurst] Parsed 84 stats (attempt 1)
[2026-01-06T01:54:30.812Z] OK [sidearm-2025-09-23-Louisville-#18-University-of-Kentucky] Parsed 54 stats (attempt 1)
[2026-01-06T01:54:31.337Z] OK [sidearm-2025-09-22-Wake-Forest-Liberty] Parsed 51 stats (attempt 1)
[2026-01-06T01:54:31.341Z] OK [sidearm-2025-09-20-SMU-North-Carolina] Parsed 32 stats (attempt 1)
[2026-01-06T01:54:31.347Z] OK [sidearm-2025-09-23-Duke-Howard] Parsed 58 stats (attempt 1)
[2026-01-06T01:54:37.610Z] OK [sidearm-2025-09-24-Stanford-Oregon-State] Parsed 10 stats (attempt 1)
[2026-01-06T01:54:42.785Z] OK [sidearm-2025-09-27-California-Syracuse] Parsed 37 stats (attempt 1)
[2026-01-06T01:54:43.002Z] OK [sidearm-2025-09-26-Pittsburgh-NC-State] Parsed 56 stats (attempt 1)
[2026-01-06T01:54:43.006Z] OK [sidearm-2025-09-23-Syracuse-Colgate-] Parsed 54 stats (attempt 1)
[2026-01-06T01:54:43.365Z] OK [sidearm-2025-09-26-Wake-Forest-Clemson] Parsed 58 stats (attempt 1)
[2026-01-06T01:54:43.714Z] OK [sidearm-2025-09-26-Duke-Louisville] Parsed 58 stats (attempt 1)
[2026-01-06T01:54:43.717Z] OK [sidearm-2025-09-27-SMU-Notre-Dame] Parsed 33 stats (attempt 1)
[2026-01-06T01:54:45.260Z] OK [sidearm-2025-09-27-Virginia-North-Carolina] Parsed 60 stats (attempt 1)
[2026-01-06T01:54:50.023Z] OK [sidearm-2025-09-29-ETSU-Virginia-Tech] Parsed 8 stats (attempt 1)
[2026-01-06T01:54:55.033Z] OK [sidearm-2025-09-28-#6-Stanford-Boston-College] Parsed 58 stats (attempt 1)
[2026-01-06T01:54:55.036Z] OK [sidearm-2025-10-03-Syracuse-Boston-College] Parsed 56 stats (attempt 1)
[2026-01-06T01:54:55.039Z] OK [sidearm-2025-10-01-UNCW-NC-State] Parsed 59 stats (attempt 1)
[2026-01-06T01:54:55.044Z] OK [sidearm-2025-10-03-California-Southern-Methodist-University] Parsed 42 stats (attempt 1)
[2026-01-06T01:54:55.529Z] OK [sidearm-2025-10-03-Louisville-University-of-North-Carolina] Parsed 58 stats (attempt 1)
[2026-01-06T01:54:55.531Z] OK [sidearm-2025-10-03-Duke-Pitt] Parsed 56 stats (attempt 1)
[2026-01-06T01:54:55.534Z] OK [sidearm-2025-09-30-Duke-Averett] Parsed 51 stats (attempt 1)
[2026-01-06T01:55:01.564Z] OK [sidearm-2025-10-04-Wake-Forest-Stanford] Parsed 10 stats (attempt 1)
[2026-01-06T01:55:01.617Z] OK [sidearm-2025-10-03-Notre-Dame-Virginia-Tech] Parsed 7 stats (attempt 1)
[2026-01-06T01:55:01.682Z] OK [sidearm-2025-10-07-Virginia-Tech-Longwood] Parsed 6 stats (attempt 1)
[2026-01-06T01:55:05.962Z] OK [sidearm-2025-10-05-NC-State-#16-Virginia] Parsed 60 stats (attempt 1)
[2026-01-06T01:55:06.419Z] OK [sidearm-2025-10-07-Louisville-Belmont-University] Parsed 55 stats (attempt 1)
[2026-01-06T01:55:06.605Z] OK [sidearm-2025-10-03-#9-Duke-Pittsburgh] Parsed 56 stats (attempt 1)
[2026-01-06T01:55:06.609Z] OK [sidearm-2025-10-07-Duke-Elon] Parsed 60 stats (attempt 1)
[2026-01-06T01:55:08.557Z] OK [sidearm-2025-10-07-Lipscomb-North-Carolina] Parsed 56 stats (attempt 1)
[2026-01-06T01:55:17.603Z] OK [sidearm-2025-10-10-Boston-College-No.-7-Duke] Parsed 61 stats (attempt 1)
[2026-01-06T01:55:17.606Z] OK [sidearm-2025-10-14-Boston-College-AIC] Parsed 83 stats (attempt 1)
[2026-01-06T01:55:17.608Z] OK [sidearm-2025-10-10-NC-State-Clemson] Parsed 59 stats (attempt 1)
[2026-01-06T01:55:17.611Z] OK [sidearm-2025-10-11-California-Wake-Forest] Parsed 36 stats (attempt 1)
[2026-01-06T01:55:17.928Z] OK [sidearm-2025-10-11-Virginia-Tech-Louisville] Parsed 55 stats (attempt 1)
[2026-01-06T01:55:18.171Z] OK [sidearm-2025-10-11-#1-Stanford-Pittsburgh] Parsed 53 stats (attempt 1)
[2026-01-06T01:55:18.175Z] OK [sidearm-2025-10-11-SMU-Syracuse] Parsed 35 stats (attempt 1)
[2026-01-06T01:55:19.819Z] OK [sidearm-2025-10-11-North-Carolina-St.-Thomas] Parsed 58 stats (attempt 1)
[2026-01-06T01:55:19.916Z] Batch 1 complete. Memory cleared.
[2026-01-06T01:55:19.916Z] Starting Batch 2 (62 games)...
[2026-01-06T01:55:28.839Z] OK [sidearm-2025-10-17-Notre-Dame-NC-State] Parsed 57 stats (attempt 1)
[2026-01-06T01:55:28.848Z] OK [sidearm-2025-10-18-SMU-Boston-College] Parsed 61 stats (attempt 1)
[2026-01-06T01:55:29.922Z] OK [sidearm-2025-10-14-Pittsburgh-Denver] Parsed 55 stats (attempt 1)
[2026-01-06T01:55:29.929Z] OK [sidearm-2025-10-18-Pittsburgh-Syracuse] Parsed 51 stats (attempt 1)
[2026-01-06T01:55:29.933Z] OK [sidearm-2025-10-17-Clemson-Duke] Parsed 59 stats (attempt 1)
[2026-01-06T01:55:29.934Z] OK [sidearm-2025-10-17-Wake-Forest-University-Louisville] Parsed 57 stats (attempt 1)
[2026-01-06T01:55:29.937Z] OK [sidearm-2025-10-14-SMU-Central-Arkansas] Parsed 34 stats (attempt 1)
[2026-01-06T01:55:31.374Z] OK [sidearm-2025-10-15-North-Carolina-UAB] Parsed 58 stats (attempt 1)
[2026-01-06T01:55:37.494Z] OK [sidearm-2025-10-22-Stanford-San-Francisco] Parsed 6 stats (attempt 1)
[2026-01-06T01:55:42.310Z] OK [sidearm-2025-10-21-NC-State-#18-UNC-Greensboro] Parsed 57 stats (attempt 1)
[2026-01-06T01:55:42.446Z] OK [sidearm-2025-10-21-Cornell--Syracuse] Parsed 57 stats (attempt 1)
[2026-01-06T01:55:42.738Z] OK [sidearm-2025-10-22-California-Radford] Parsed 43 stats (attempt 1)
[2026-01-06T01:55:43.009Z] OK [sidearm-2025-10-21-Lipscomb-University-Louisville] Parsed 54 stats (attempt 1)
[2026-01-06T01:55:43.012Z] OK [sidearm-2025-10-21-Wake-Forest-Wofford] Parsed 62 stats (attempt 1)
[2026-01-06T01:55:43.014Z] OK [sidearm-2025-10-21-Duke-Queens] Parsed 65 stats (attempt 1)
[2026-01-06T01:55:45.140Z] OK [sidearm-2025-10-19-North-Carolina-Virginia-Tech] Parsed 57 stats (attempt 1)
[2026-01-06T01:55:50.188Z] OK [sidearm-2025-10-22-Virginia-Tech-Winthrop] Parsed 4 stats (attempt 1)
[2026-01-06T01:55:54.995Z] OK [sidearm-2025-10-25-#19-Duke-NC-State] Parsed 60 stats (attempt 1)
[2026-01-06T01:55:55.432Z] OK [sidearm-2025-10-24-Boston-College-Notre-Dame] Parsed 58 stats (attempt 1)
[2026-01-06T01:55:55.440Z] OK [sidearm-2025-10-25-Syracuse-#22-North-Carolina] Parsed 55 stats (attempt 1)
[2026-01-06T01:55:55.442Z] OK [sidearm-2025-10-26-California-Virginia-Tech] Parsed 35 stats (attempt 1)
[2026-01-06T01:55:55.513Z] OK [sidearm-2025-10-24-Pittsburgh-Wake-Forest] Parsed 55 stats (attempt 1)
[2026-01-06T01:55:55.800Z] OK [sidearm-2025-10-26-SMU-Stanford] Parsed 28 stats (attempt 1)
[2026-01-06T01:55:55.803Z] OK [sidearm-2025-10-25-Duke-#3-NC-State] Parsed 60 stats (attempt 1)
[2026-01-06T01:56:01.087Z] OK [sidearm-2025-10-31-Clemson-Virginia-Tech] Parsed 11 stats (attempt 1)
[2026-01-06T01:56:05.676Z] OK [sidearm-2025-10-31-Boston-College-Saint-Joseph's] Parsed 64 stats (attempt 1)
[2026-01-06T01:56:05.680Z] OK [sidearm-2025-10-31-NC-State-Syracuse] Parsed 55 stats (attempt 1)
[2026-01-06T01:56:05.980Z] OK [sidearm-2025-10-31-California-Stanford] Parsed 33 stats (attempt 1)
[2026-01-06T01:56:06.660Z] OK [sidearm-2025-10-27-Louisville-University-of-Evansville] Parsed 70 stats (attempt 1)
[2026-01-06T01:56:06.665Z] OK [sidearm-2025-10-31-North-Carolina-Duke] Parsed 60 stats (attempt 1)
[2026-01-06T01:56:06.667Z] OK [sidearm-2025-10-31-Louisville-University-of-Pittsburgh] Parsed 54 stats (attempt 1)
[2026-01-06T01:56:06.669Z] OK [sidearm-2025-10-31-SMU-Virginia] Parsed 31 stats (attempt 1)
[2026-01-06T01:56:16.457Z] OK [sidearm-2025-11-05-NC-State-(14)-Louisville] Parsed 58 stats (attempt 1)
[2026-01-06T01:56:16.635Z] OK [sidearm-2025-11-05-No.-7-Stanford-Boston-College] Parsed 58 stats (attempt 1)
[2026-01-06T01:56:16.639Z] OK [sidearm-2025-11-05-Syracuse-Virginia-Tech] Parsed 52 stats (attempt 1)
[2026-01-06T01:56:16.846Z] OK [sidearm-2025-11-05-California-Duke] Parsed 34 stats (attempt 1)
[2026-01-06T01:56:17.009Z] OK [sidearm-2025-11-05-Clemson-Pittsburgh] Parsed 55 stats (attempt 1)
[2026-01-06T01:56:17.014Z] OK [sidearm-2025-10-31-Wake-Forest-Notre-Dame] Parsed 56 stats (attempt 1)
[2026-01-06T01:56:17.015Z] OK [sidearm-2025-11-05-(3)-NC-State-University-Louisville] Parsed 58 stats (attempt 1)
[2026-01-06T01:56:17.155Z] OK [sidearm-2025-11-05-SMU-Wake-Forest] Parsed 34 stats (attempt 1)
[2026-01-06T01:56:27.954Z] OK [sidearm-2025-11-09-NC-State-(6)-Syracuse] Parsed 55 stats (attempt 1)
[2026-01-06T01:56:27.960Z] OK [sidearm-2025-11-09-California-Pitt] Parsed 31 stats (attempt 1)
[2026-01-06T01:56:28.669Z] OK [sidearm-2025-11-13-SMU-Syracuse] Parsed 36 stats (attempt 1)
[2026-01-06T01:56:28.672Z] OK [sidearm-2025-11-09-SMU-Stanford] Parsed 27 stats (attempt 1)
[2026-01-06T01:56:28.675Z] OK [sidearm-2025-11-16-SMU-Virginia] Parsed 31 stats (attempt 1)
[2026-01-06T01:56:28.686Z] OK [sidearm-2025-11-13-California-Virginia] Parsed 34 stats (attempt 1)
[2026-01-06T01:56:30.553Z] OK [sidearm-2025-11-09-Virginia-North-Carolina] Parsed 60 stats (attempt 1)
[2026-01-06T01:56:30.555Z] OK [sidearm-2025-11-05-Notre-Dame-North-Carolina] Parsed 57 stats (attempt 1)
[2026-01-06T01:56:36.835Z] OK [sidearm-2025-11-23-Stanford-Kansas-City] Parsed 5 stats (attempt 1)
[2026-01-06T01:56:39.961Z] OK [sidearm-2025-11-23-NC-State-Marshall-(Second-Round)] Parsed 58 stats (attempt 1)
[2026-01-06T01:56:40.099Z] OK [sidearm-2025-11-20-Syracuse-Hofstra] Parsed 54 stats (attempt 1)
[2026-01-06T01:56:40.541Z] OK [sidearm-2025-11-23-SMU-Washington] Parsed 30 stats (attempt 1)
[2026-01-06T01:56:40.548Z] OK [sidearm-2025-11-20-Duke-FDU] Parsed 67 stats (attempt 1)
[2026-01-06T01:56:40.549Z] OK [sidearm-2025-11-23-#3-Princeton-Duke] Parsed 61 stats (attempt 1)
[2026-01-06T01:56:42.747Z] OK [sidearm-2025-11-23-No.-4-Maryland-North-Carolina] Parsed 60 stats (attempt 1)
[2026-01-06T01:56:42.751Z] OK [sidearm-2025-11-20-North-Carolina-North-Florida] Parsed 63 stats (attempt 1)
[2026-01-06T01:56:48.150Z] OK [sidearm-2025-11-30-Stanford-Washington] Parsed 3 stats (attempt 1)
[2026-01-06T01:56:52.828Z] OK [sidearm-2025-12-06-(7)-Georgetown-(Quarterfinals)-NC-State] Parsed 58 stats (attempt 1)
[2026-01-06T01:56:52.830Z] OK [sidearm-2025-12-12-Saint-Louis-(Semifinals)-NC-State] Parsed 60 stats (attempt 1)
[2026-01-06T01:56:52.834Z] OK [sidearm-2025-12-15-NC-State-Washington] Parsed 59 stats (attempt 1)
[2026-01-06T01:56:52.837Z] OK [sidearm-2025-11-30-NC-State-UNC-Greensboro-(Third-Round)] Parsed 57 stats (attempt 1)
[2026-01-06T01:56:52.840Z] OK [sidearm-2025-11-30-#14-Akron-Duke] Parsed 60 stats (attempt 1)
[2026-01-06T01:56:52.899Z] Batch 2 complete. Memory cleared.
[2026-01-06T01:56:52.912Z] DONE! Processed 182 games in 281.7s
[2026-01-06T01:56:52.912Z] Stats written to C:\Users\p0802\Documents\CS\NcaDB-1\ncaa-soccer\data\player_stats\2025\player_stats.csv
