sidearm-2025-08-21-Stanford-Sacramento-State,2025-08-21,Stanford vs Sacramento State,https://gostanford.com/boxscore/25671
sidearm-2025-08-21-Virginia-Tech-Ohio-State,2025-08-21,Virginia Tech vs Ohio State,https://hokiesports.com/boxscore/22145
sidearm-2025-08-24-Stanford-Denver,2025-08-24,Stanford vs Denver,https://gostanford.com/boxscore/25672
sidearm-2025-08-24-Virginia-Tech-Canisius,2025-08-24,Virginia Tech vs Canisius,https://hokiesports.com/boxscore/22146
sidearm-2025-08-28-Santa-Clara-Stanford,2025-08-28,Santa Clara vs Stanford,https://gostanford.com/boxscore/25692
sidearm-2025-08-29-Marshall-Virginia-Tech,2025-08-29,Marshall vs Virginia Tech,https://hokiesports.com/boxscore/22147
sidearm-2025-08-31-Stanford-UC-Davis,2025-08-31,Stanford vs UC Davis,https://gostanford.com/boxscore/25674
sidearm-2025-09-05-Virginia-Tech-Virginia,2025-09-05,Virginia Tech vs Virginia,https://hokiesports.com/boxscore/22148
sidearm-2025-09-09-Stanford-Saint-Mary's,2025-09-09,Stanford vs Saint Mary's,https://gostanford.com/boxscore/25676
sidearm-2025-09-09-Virginia-Tech-Furman,2025-09-09,Virginia Tech vs Furman,https://hokiesports.com/boxscore/22149
sidearm-2025-09-13-Syracuse-Stanford,2025-09-13,Syracuse vs Stanford,https://gostanford.com/boxscore/25677
sidearm-2025-09-17-San-Jose-State-Stanford,2025-09-17,San Jose State vs Stanford,https://gostanford.com/boxscore/25678
sidearm-2025-09-21-Stanford-Virginia-Tech,2025-09-21,Stanford vs Virginia Tech,https://gostanford.com/boxscore/25679
sidearm-2025-09-24-Stanford-Oregon-State,2025-09-24,Stanford vs Oregon State,https://gostanford.com/boxscore/25680
sidearm-2025-09-29-ETSU-Virginia-Tech,2025-09-29,ETSU vs Virginia Tech,https://hokiesports.com/boxscore/22152
sidearm-2025-10-03-Notre-Dame-Virginia-Tech,2025-10-03,Notre Dame vs Virginia Tech,https://hokiesports.com/boxscore/22153
sidearm-2025-10-04-Wake-Forest-Stanford,2025-10-04,Wake Forest vs Stanford,https://gostanford.com/boxscore/25682
sidearm-2025-10-07-Virginia-Tech-Longwood,2025-10-07,Virginia Tech vs Longwood,https://hokiesports.com/boxscore/22154
sidearm-2025-10-22-Stanford-San-Francisco,2025-10-22,Stanford vs San Francisco,https://gostanford.com/boxscore/25684
sidearm-2025-10-22-Virginia-Tech-Winthrop,2025-10-22,Virginia Tech vs Winthrop,https://hokiesports.com/boxscore/22157
sidearm-2025-10-31-Clemson-Virginia-Tech,2025-10-31,Clemson vs Virginia Tech,https://hokiesports.com/boxscore/22159
sidearm-2025-11-23-Stanford-Kansas-City,2025-11-23,Stanford vs Kansas City,https://gostanford.com/boxscore/26746
sidearm-2025-11-30-Stanford-Washington,2025-11-30,Stanford vs Washington,https://gostanford.com/boxscore/26785